 -865.0  -730.0   815.0
 -935.0  -730.0   815.0
 -950.0  -780.0   800.0
 -935.0  -730.0   815.0
 -935.0  -744.0   885.0
 -950.0  -800.0   900.0
 -935.0  -744.0   885.0
 -865.0  -744.0   885.0
 -850.0  -800.0   900.0
 -865.0  -744.0   885.0
 -865.0  -780.0   815.0
 -850.0  -780.0   800.0
 -765.0  -730.0   815.0
 -835.0  -730.0   815.0
 -850.0  -780.0   800.0
 -835.0  -730.0   815.0
 -835.0  -744.0   885.0
 -850.0  -800.0   900.0
 -835.0  -744.0   885.0
 -765.0  -744.0   885.0
 -750.0  -800.0   900.0
 -765.0  -744.0   885.0
 -765.0  -730.0   815.0
 -750.0  -780.0   800.0
 -665.0  -730.0   815.0
 -735.0  -730.0   815.0
 -750.0  -780.0   800.0
 -735.0  -730.0   815.0
 -735.0  -744.0   885.0
 -750.0  -800.0   900.0
 -735.0  -744.0   885.0
 -665.0  -744.0   885.0
 -650.0  -800.0   900.0
 -665.0  -744.0   885.0
 -665.0  -730.0   815.0
 -650.0  -780.0   800.0
 -565.0  -730.0   815.0
 -635.0  -730.0   815.0
 -650.0  -780.0   800.0
 -635.0  -730.0   815.0
 -635.0  -744.0   885.0
 -650.0  -800.0   900.0
 -635.0  -744.0   885.0
 -565.0  -744.0   885.0
 -550.0  -800.0   900.0
 -565.0  -744.0   885.0
 -565.0  -730.0   815.0
 -550.0  -780.0   800.0
  950.0  -860.0  1200.0
  950.0  -780.0   800.0
  850.0  -860.0  1200.0
  850.0  -780.0   800.0
  750.0  -860.0  1200.0
  750.0  -780.0   800.0
  650.0  -860.0  1200.0
  650.0  -780.0   800.0
  550.0  -860.0  1200.0
  550.0  -780.0   800.0
  950.0  -860.0  1200.0
  550.0  -860.0  1200.0
  950.0  -840.0  1100.0
  550.0  -840.0  1100.0
  950.0  -820.0  1000.0
  550.0  -820.0  1000.0
  950.0  -800.0   900.0
  550.0  -800.0   900.0
  950.0  -780.0   800.0
  550.0  -780.0   800.0
  450.0  -860.0  1200.0
  450.0  -780.0   800.0
  350.0  -860.0  1200.0
  350.0  -780.0   800.0
  250.0  -860.0  1200.0
  250.0  -780.0   800.0
  150.0  -860.0  1200.0
  150.0  -780.0   800.0
   50.0  -860.0  1200.0
   50.0  -780.0   800.0
  -50.0  -860.0  1200.0
  -50.0  -780.0   800.0
 -150.0  -860.0  1200.0
 -150.0  -780.0   800.0
 -250.0  -860.0  1200.0
 -250.0  -780.0   800.0
 -350.0  -860.0  1200.0
 -350.0  -780.0   800.0
 -450.0  -860.0  1200.0
 -450.0  -780.0   800.0
 -550.0  -860.0  1200.0
 -550.0  -780.0   800.0
 -650.0  -860.0  1200.0
 -650.0  -780.0   800.0
 -750.0  -860.0  1200.0
 -750.0  -780.0   800.0
 -850.0  -860.0  1200.0
 -850.0  -780.0   800.0
 -950.0  -860.0  1200.0
 -950.0  -780.0   800.0
   50.0  -860.0  1200.0
   50.0  -880.0  1300.0
 -550.0  -880.0  1300.0
 -550.0  -860.0  1200.0
  450.0  -860.0  1200.0
 -950.0  -860.0  1200.0
  450.0  -840.0  1100.0
 -950.0  -840.0  1100.0
  450.0  -820.0  1000.0
 -950.0  -820.0  1000.0
  450.0  -800.0   900.0
 -950.0  -800.0   900.0
  450.0  -780.0   800.0
 -950.0  -780.0   800.0
  950.0  -770.0   750.0
  950.0  -730.0   550.0
  850.0  -770.0   750.0
  850.0  -730.0   550.0
  750.0  -770.0   750.0
  750.0  -730.0   550.0
  650.0  -770.0   750.0
  650.0  -730.0   550.0
  550.0  -770.0   750.0
  550.0  -730.0   550.0
  950.0  -770.0   750.0
  550.0  -770.0   750.0
  950.0  -750.0   650.0
  550.0  -750.0   650.0
  950.0  -730.0   550.0
  550.0  -730.0   550.0
  450.0  -770.0   750.0
  450.0  -730.0   550.0
  350.0  -770.0   750.0
  350.0  -730.0   550.0
  250.0  -770.0   750.0
  250.0  -730.0   550.0
  150.0  -770.0   750.0
  150.0  -730.0   550.0
   50.0  -770.0   750.0
   50.0  -730.0   550.0
  -50.0  -770.0   750.0
  -50.0  -730.0   550.0
 -150.0  -770.0   750.0
 -150.0  -730.0   550.0
  450.0  -770.0   750.0
 -150.0  -770.0   750.0
  450.0  -750.0   650.0
 -150.0  -750.0   650.0
  450.0  -730.0   550.0
 -150.0  -730.0   550.0
 -350.0  -770.0   750.0
 -350.0  -730.0   550.0
 -450.0  -770.0   750.0
 -450.0  -730.0   550.0
 -550.0  -770.0   750.0
 -550.0  -730.0   500.0
 -650.0  -770.0   750.0
 -650.0  -730.0   550.0
 -750.0  -770.0   750.0
 -750.0  -730.0   550.0
 -850.0  -770.0   750.0
 -850.0  -730.0   550.0
 -950.0  -770.0   750.0
 -950.0  -730.0   550.0
 -350.0  -770.0   750.0
 -950.0  -770.0   750.0
 -350.0  -750.0   650.0
 -950.0  -750.0   650.0
 -350.0  -730.0   550.0
 -950.0  -730.0   550.0
-1050.0  -720.0   500.0
 1050.0  -720.0   500.0
 1050.0 -1100.0   500.0
 1050.0  -720.0   500.0
 1050.0  -900.0  1400.0
 1050.0 -1100.0  1400.0
 1050.0  -900.0  1400.0
-1050.0  -900.0  1400.0
-1050.0 -1100.0  1400.0
-1050.0  -900.0  1400.0
-1050.0  -720.0   500.0
-1050.0 -1100.0   500.0
 1050.0 -1100.0   500.0
 1050.0 -1100.0  1400.0
-1050.0 -1100.0  1400.0
-1050.0 -1100.0   500.0
  200.0     0.0 -1800.0
  200.0    50.0 -1800.0
  200.0    50.0 -1650.0
  200.0    50.0 -1800.0
  400.0    50.0 -1800.0
  400.0    50.0 -1650.0
  400.0    50.0 -1800.0
  400.0     0.0 -1800.0
  400.0     0.0 -1650.0
  400.0     0.0 -1800.0
  200.0     0.0 -1800.0
  200.0     0.0 -1650.0
  200.0    50.0 -1650.0
  400.0    50.0 -1650.0
  400.0     0.0 -1650.0
  200.0     0.0 -1650.0
 -350.0     0.0 -1850.0
 -350.0    50.0 -1850.0
 -350.0    50.0 -1650.0
 -350.0    50.0 -1850.0
    0.0    50.0 -1850.0
    0.0    50.0 -1650.0
    0.0    50.0 -1850.0
    0.0     0.0 -1850.0
    0.0     0.0 -1650.0
    0.0     0.0 -1850.0
 -350.0     0.0 -1850.0
 -350.0     0.0 -1650.0
 -350.0    50.0 -1650.0
    0.0    50.0 -1650.0
    0.0     0.0 -1650.0
 -350.0     0.0 -1650.0
 -600.0  -100.0 -1650.0
 -600.0   200.0 -1650.0
 -650.0   250.0 -1750.0
 -600.0   200.0 -1650.0
  600.0   200.0 -1650.0
  650.0   250.0 -1750.0
  600.0   200.0 -1650.0
  600.0  -100.0 -1650.0
  650.0  -150.0 -1750.0
  600.0  -100.0 -1650.0
 -600.0  -100.0 -1650.0
 -650.0  -150.0 -1750.0
 -650.0   250.0 -1750.0
  650.0   250.0 -1750.0
  650.0  -150.0 -1750.0
 -650.0  -150.0 -1750.0
 -900.0  -250.0 -1750.0
 -900.0   800.0 -1750.0
  900.0   800.0 -1750.0
  900.0  -250.0 -1750.0
 -900.0  -250.0 -1750.0
 -900.0  1100.0   700.0
 -900.0  1100.0 -1100.0
 -900.0   800.0 -1750.0
 -900.0  -250.0 -1750.0
 -900.0  -400.0 -1100.0
 -900.0  -400.0  -150.0
 -900.0  -250.0   700.0
  900.0  1100.0   700.0
  900.0  1100.0 -1100.0
 -900.0  1100.0 -1100.0
  900.0  1100.0 -1100.0
  900.0   800.0 -1750.0
  900.0  -250.0 -1750.0
  900.0  -400.0 -1100.0
  900.0  -400.0  -150.0
 -900.0  -400.0  -150.0
  900.0  -400.0  -150.0
  900.0  -250.0   700.0
 -560.0    50.0   580.0
 -560.0   800.0   580.0
  560.0   800.0   580.0
  560.0    50.0   580.0
 -560.0    50.0   580.0
 -620.0     0.0   610.0
 -620.0   850.0   610.0
  620.0   850.0   610.0
  620.0     0.0   610.0
 -620.0     0.0   610.0
 -680.0   -50.0   640.0
 -680.0   900.0   640.0
  680.0   900.0   640.0
  680.0   -50.0   640.0
 -680.0   -50.0   640.0
 -740.0  -100.0   670.0
 -740.0   950.0   670.0
  740.0   950.0   670.0
  740.0  -100.0   670.0
 -740.0  -100.0   670.0
 -500.0   100.0   550.0
 -515.0   265.0   575.0
 -530.0   425.0   600.0
 -515.0   590.0   575.0
 -500.0   750.0   550.0
 -800.0  1000.0   700.0
 -500.0   750.0   550.0
 -250.0   750.0   575.0
    0.0   750.0   600.0
  250.0   750.0   575.0
  500.0   750.0   550.0
  800.0  1000.0   700.0
  500.0   750.0   550.0
  515.0   590.0   575.0
  530.0   425.0   600.0
  515.0   265.0   575.0
  500.0   100.0   550.0
  800.0  -150.0   700.0
  500.0   100.0   550.0
  250.0   100.0   575.0
    0.0   100.0   600.0
 -250.0   100.0   575.0
 -500.0   100.0   550.0
 -800.0  -150.0   700.0
 -800.0  1000.0   700.0
  800.0  1000.0   700.0
  800.0  -150.0   700.0
 -800.0  -150.0   700.0
 -900.0  -250.0   700.0
 -900.0  1100.0   700.0
  900.0  1100.0   700.0
  900.0  -250.0   700.0
 -900.0  -250.0   700.0
 -900.0  -250.0   700.0
 -900.0  -250.0 -1750.0
 -600.0  -400.0 -1100.0
 -900.0  -250.0 -1750.0
  900.0  -250.0 -1750.0
  600.0  -400.0 -1100.0
  900.0  -250.0 -1750.0
  900.0  -250.0   700.0
  600.0  -400.0  -150.0
  900.0  -250.0   700.0
 -900.0  -250.0   700.0
 -600.0  -400.0  -150.0
 -600.0  -400.0 -1100.0
 -600.0  -950.0 -1300.0
 -600.0  -400.0 -1100.0
  600.0  -400.0 -1100.0
  600.0  -950.0 -1300.0
  600.0  -400.0 -1100.0
  600.0  -400.0  -150.0
  600.0  -950.0  -350.0
  600.0  -400.0  -150.0
 -600.0  -400.0  -150.0
 -600.0  -950.0  -350.0
 -600.0  -950.0 -1300.0
  600.0  -950.0 -1300.0
  600.0  -950.0  -350.0
 -600.0  -950.0  -350.0
 -850.0 -1000.0   500.0
 -850.0  -950.0  -200.0
  850.0  -950.0  -200.0
 -850.0  -950.0  -200.0
 -850.0  -950.0 -1500.0
 -850.0 -1100.0 -1500.0
 -850.0  -950.0 -1500.0
  850.0  -950.0 -1500.0
  850.0 -1100.0 -1500.0
  850.0  -950.0 -1500.0
  850.0  -950.0  -200.0
  850.0 -1000.0   500.0
  850.0 -1100.0   500.0
  850.0 -1000.0   500.0
 -850.0 -1000.0   500.0
 -850.0 -1100.0   500.0
 -850.0 -1100.0 -1500.0
  850.0 -1100.0 -1500.0
  850.0 -1100.0   500.0
 -850.0 -1100.0   500.0
Mean X-Coordinate =   -89.6
Mean Y-Coordinate =  -431.9
Mean Z-Coordinate =   170.3
