 -610.0 -1094.0  -105.0
-1129.0  -944.0  -365.0
 -629.0  -511.0 -1115.0
 -110.0  -661.0  -855.0
 -610.0 -1094.0  -105.0
 -610.0 -1094.0  -105.0
 -620.0  1362.0   640.0
-1129.0  -944.0  -365.0
 -610.0 -1094.0  -105.0
 -110.0  -661.0  -855.0
 -629.0  -511.0 -1115.0
 -620.0  1362.0   640.0
 -110.0  -661.0  -855.0
-1129.0  -944.0  -365.0
 -620.0  1362.0   640.0
 -629.0  -511.0 -1115.0
-1129.0  -944.0  -365.0
 -610.0 -1094.0  -105.0
 -110.0  -661.0  -855.0
 -620.0  1362.0   640.0
 -610.0 -1094.0  -105.0
  366.0 -1722.0   583.0
  366.0   356.0  1783.0
 -500.0   606.0  1350.0
 -500.0 -1472.0   150.0
  366.0 -1722.0   583.0
  866.0 -1289.0  -167.0
    0.0 -1039.0  -600.0
    0.0  1039.0   600.0
  866.0   789.0  1033.0
  866.0 -1289.0  -167.0
  366.0 -1722.0   583.0
 -500.0 -1472.0   150.0
    0.0 -1039.0  -600.0
  866.0 -1289.0  -167.0
  366.0 -1722.0   583.0
  366.0   356.0  1783.0
  866.0   789.0  1033.0
    0.0  1039.0   600.0
 -500.0   606.0  1350.0
  366.0   356.0  1783.0
 -500.0 -1472.0   150.0
 -500.0   606.0  1350.0
    0.0  1039.0   600.0
    0.0 -1039.0  -600.0
 -500.0 -1472.0   150.0
  366.0 -1722.0   583.0
  866.0 -1289.0  -167.0
  866.0   789.0  1033.0
  366.0   356.0  1783.0
  366.0 -1722.0   583.0
Mean X-Coordinate =  -132.6
Mean Y-Coordinate =  -487.0
Mean Z-Coordinate =   223.8
