 -224.0  1970.0   544.0
 -224.0  1970.0   608.0
 -864.0   818.0   544.0
 -864.0   818.0   608.0
 -224.0   818.0   544.0
 -224.0   818.0   608.0
  224.0  1970.0   544.0
  224.0  1970.0   608.0
  864.0  1970.0   544.0
  864.0  1970.0   608.0
  864.0   818.0   544.0
  864.0   818.0   608.0
  224.0   818.0   544.0
  224.0   818.0   608.0
 -224.0   818.0   608.0
 -224.0  1970.0   608.0
 -864.0  1970.0   608.0
 -864.0   818.0   608.0
 -224.0   818.0   608.0
  224.0   818.0   608.0
  224.0  1970.0   608.0
  864.0  1970.0   608.0
  864.0   818.0   608.0
  224.0   818.0   608.0
 -304.0   898.0   552.0
 -304.0  1890.0   552.0
 -784.0  1890.0   552.0
 -784.0   898.0   552.0
 -304.0   898.0   552.0
  304.0   898.0   552.0
  304.0  1890.0   552.0
  784.0  1890.0   552.0
  784.0   898.0   552.0
  304.0   898.0   552.0
 -288.0   882.0   544.0
 -288.0  1906.0   544.0
 -800.0  1906.0   544.0
 -800.0   882.0   544.0
 -288.0   882.0   544.0
  288.0   882.0   544.0
  288.0  1906.0   544.0
  800.0  1906.0   544.0
  800.0   882.0   544.0
  288.0   882.0   544.0
 -224.0   818.0   544.0
 -224.0  1970.0   544.0
 -864.0  1970.0   544.0
 -864.0   818.0   544.0
 -224.0   818.0   544.0
  224.0   818.0   544.0
  224.0  1970.0   544.0
  864.0  1970.0   544.0
  864.0   818.0   544.0
  224.0   818.0   544.0
   -9.0   304.0     0.0
   -9.0   244.0     0.0
  -64.0   244.0     0.0
  -64.0   304.0     0.0
   -9.0   304.0     0.0
    9.0   304.0     0.0
    9.0   244.0     0.0
   64.0   244.0     0.0
   64.0   304.0     0.0
    9.0   304.0     0.0
 1088.0   792.0   576.0
 1088.0   792.0     0.0
-1088.0   792.0   576.0
-1088.0   792.0     0.0
 1056.0  -106.0    32.0
 1056.0  -106.0   576.0
 1056.0     0.0    32.0
 1056.0     0.0   576.0
-1056.0  -106.0    32.0
-1056.0  -106.0   576.0
-1056.0     0.0    32.0
-1056.0     0.0   576.0
 1056.0     0.0   576.0
 1056.0  -106.0   576.0
-1056.0  -106.0   576.0
-1056.0     0.0   576.0
 1056.0     0.0    32.0
-1056.0     0.0    32.0
-1056.0  -106.0    32.0
 1056.0  -106.0    32.0
 1056.0     0.0    32.0
-1088.0   818.0     0.0
-1088.0   818.0   576.0
-1088.0     0.0     0.0
-1088.0     0.0   576.0
 1088.0     0.0     0.0
 1088.0     0.0   576.0
 1088.0   818.0     0.0
 1088.0   818.0   576.0
-1088.0   818.0   576.0
-1088.0     0.0   576.0
 1088.0     0.0   576.0
 1088.0   818.0   576.0
 -366.0   449.0    -7.0
 -366.0   101.0    -7.0
  366.0   449.0    -7.0
  366.0   101.0    -7.0
 -350.0   101.0    -7.0
 -350.0   449.0    -7.0
 -334.0   449.0    -7.0
 -334.0   101.0    -7.0
  350.0   101.0    -7.0
  350.0   449.0    -7.0
  334.0   449.0    -7.0
  334.0   101.0    -7.0
 -318.0   101.0    -7.0
 -318.0   449.0    -7.0
 -302.0   449.0    -7.0
 -302.0   101.0    -7.0
  318.0   101.0    -7.0
  318.0   449.0    -7.0
  302.0   449.0    -7.0
  302.0   101.0    -7.0
 -286.0   101.0    -7.0
 -286.0   449.0    -7.0
 -270.0   449.0    -7.0
 -270.0   101.0    -7.0
  286.0   101.0    -7.0
  286.0   449.0    -7.0
  270.0   449.0    -7.0
  270.0   101.0    -7.0
 -254.0   101.0    -7.0
 -254.0   449.0    -7.0
 -238.0   449.0    -7.0
 -238.0   101.0    -7.0
  254.0   101.0    -7.0
  254.0   449.0    -7.0
  238.0   449.0    -7.0
  238.0   101.0    -7.0
 -222.0   101.0    -7.0
 -222.0   449.0    -7.0
 -206.0   101.0    -7.0
 -206.0   449.0    -7.0
  222.0   101.0    -7.0
  222.0   449.0    -7.0
  206.0   101.0    -7.0
  206.0   449.0    -7.0
 -190.0   101.0    -7.0
 -190.0   449.0    -7.0
 -174.0   101.0    -7.0
 -174.0   449.0    -7.0
  190.0   101.0    -7.0
  190.0   449.0    -7.0
  174.0   101.0    -7.0
  174.0   449.0    -7.0
 -158.0   101.0    -7.0
 -158.0   449.0    -7.0
 -142.0   101.0    -7.0
 -142.0   449.0    -7.0
  158.0   101.0    -7.0
  158.0   449.0    -7.0
  142.0   101.0    -7.0
  142.0   449.0    -7.0
 -126.0   101.0    -7.0
 -126.0   449.0    -7.0
 -110.0   101.0    -7.0
 -110.0   449.0    -7.0
  126.0   101.0    -7.0
  126.0   449.0    -7.0
  110.0   101.0    -7.0
  110.0   449.0    -7.0
  -94.0   101.0    -7.0
  -94.0   449.0    -7.0
  -78.0   101.0    -7.0
  -78.0   449.0    -7.0
   94.0   101.0    -7.0
   94.0   449.0    -7.0
   78.0   101.0    -7.0
   78.0   449.0    -7.0
 -376.0   102.0    -4.0
 -376.0   450.0    -4.0
  -70.0   450.0    -4.0
  -70.0   102.0    -4.0
 -376.0   102.0    -4.0
  376.0   102.0    -4.0
  376.0   450.0    -4.0
   70.0   450.0    -4.0
   70.0   102.0    -4.0
  376.0   102.0    -4.0
 -384.0    91.0     0.0
 -446.0    32.0     0.0
 -384.0   459.0     0.0
 -446.0   517.0     0.0
  -64.0   459.0     0.0
   -2.0   517.0     0.0
  -64.0    91.0     0.0
   -2.0    32.0     0.0
  384.0    91.0     0.0
  446.0    32.0     0.0
  384.0   459.0     0.0
  446.0   517.0     0.0
   64.0   459.0     0.0
    2.0   517.0     0.0
   64.0    91.0     0.0
    2.0    32.0     0.0
  -64.0    91.0     0.0
 -384.0    91.0     0.0
 -384.0   459.0     0.0
  -64.0   459.0     0.0
  -64.0    91.0     0.0
   64.0    91.0     0.0
  384.0    91.0     0.0
  384.0   459.0     0.0
   64.0   459.0     0.0
   64.0    91.0     0.0
   -2.0    32.0     0.0
 -446.0    32.0     0.0
 -446.0   517.0     0.0
   -2.0   517.0     0.0
   -2.0    32.0     0.0
    2.0    32.0     0.0
  446.0    32.0     0.0
  446.0   517.0     0.0
    2.0   517.0     0.0
    2.0    32.0     0.0
 -263.0   675.0     0.0
 -348.0   675.0     0.0
  263.0   675.0     0.0
  348.0   675.0     0.0
 -358.0   688.0     0.0
 -358.0   652.0     0.0
 -348.0   648.0     0.0
 -263.0   648.0     0.0
 -254.0   652.0     0.0
 -254.0   688.0     0.0
 -263.0   688.0     0.0
 -263.0   656.0     0.0
 -348.0   656.0     0.0
 -348.0   688.0     0.0
 -358.0   688.0     0.0
  358.0   688.0     0.0
  358.0   652.0     0.0
  348.0   648.0     0.0
  263.0   648.0     0.0
  254.0   652.0     0.0
  254.0   688.0     0.0
  263.0   688.0     0.0
  263.0   656.0     0.0
  348.0   656.0     0.0
  348.0   688.0     0.0
  358.0   688.0     0.0
 -726.0   149.0     0.0
 -812.0   149.0     0.0
 -726.0   413.0     0.0
 -812.0   413.0     0.0
 -726.0   675.0     0.0
 -812.0   675.0     0.0
  726.0   149.0     0.0
  812.0   149.0     0.0
  726.0   413.0     0.0
  812.0   413.0     0.0
  726.0   675.0     0.0
  812.0   675.0     0.0
 -820.0   424.0     0.0
 -820.0   389.0     0.0
 -812.0   384.0     0.0
 -726.0   384.0     0.0
 -720.0   389.0     0.0
 -720.0   424.0     0.0
 -726.0   424.0     0.0
 -726.0   394.0     0.0
 -812.0   394.0     0.0
 -812.0   424.0     0.0
 -820.0   424.0     0.0
  820.0   424.0     0.0
  820.0   389.0     0.0
  812.0   384.0     0.0
  726.0   384.0     0.0
  720.0   389.0     0.0
  720.0   424.0     0.0
  726.0   424.0     0.0
  726.0   394.0     0.0
  812.0   394.0     0.0
  812.0   424.0     0.0
  820.0   424.0     0.0
 -820.0   164.0     0.0
 -820.0   128.0     0.0
 -812.0   124.0     0.0
 -726.0   124.0     0.0
 -718.0   128.0     0.0
 -718.0   164.0     0.0
 -726.0   164.0     0.0
 -726.0   132.0     0.0
 -812.0   132.0     0.0
 -812.0   164.0     0.0
 -820.0   164.0     0.0
  820.0   164.0     0.0
  820.0   128.0     0.0
  812.0   124.0     0.0
  726.0   124.0     0.0
  718.0   128.0     0.0
  718.0   164.0     0.0
  726.0   164.0     0.0
  726.0   132.0     0.0
  812.0   132.0     0.0
  812.0   164.0     0.0
  820.0   164.0     0.0
 -820.0   688.0     0.0
 -820.0   652.0     0.0
 -812.0   647.0     0.0
 -726.0   647.0     0.0
 -718.0   652.0     0.0
 -718.0   688.0     0.0
 -726.0   688.0     0.0
 -726.0   657.0     0.0
 -812.0   657.0     0.0
 -812.0   688.0     0.0
 -820.0   688.0     0.0
  820.0   688.0     0.0
  820.0   652.0     0.0
  812.0   647.0     0.0
  726.0   647.0     0.0
  718.0   652.0     0.0
  718.0   688.0     0.0
  726.0   688.0     0.0
  726.0   657.0     0.0
  812.0   657.0     0.0
  812.0   688.0     0.0
  820.0   688.0     0.0
 -358.0   704.0     0.0
 -374.0   688.0     0.0
 -374.0   648.0     0.0
 -358.0   632.0     0.0
 -255.0   632.0     0.0
 -239.0   648.0     0.0
 -239.0   688.0     0.0
 -255.0   704.0     0.0
 -358.0   704.0     0.0
  358.0   704.0     0.0
  374.0   688.0     0.0
  374.0   648.0     0.0
  358.0   632.0     0.0
  255.0   632.0     0.0
  239.0   648.0     0.0
  239.0   688.0     0.0
  255.0   704.0     0.0
  358.0   704.0     0.0
 -820.0   178.0     0.0
 -836.0   162.0     0.0
 -836.0   122.0     0.0
 -820.0   107.0     0.0
 -718.0   107.0     0.0
 -698.0   122.0     0.0
 -698.0   162.0     0.0
 -718.0   178.0     0.0
 -820.0   178.0     0.0
 -820.0   440.0     0.0
 -836.0   424.0     0.0
 -836.0   384.0     0.0
 -820.0   370.0     0.0
 -718.0   370.0     0.0
 -698.0   384.0     0.0
 -698.0   424.0     0.0
 -718.0   440.0     0.0
 -820.0   440.0     0.0
 -820.0   704.0     0.0
 -836.0   688.0     0.0
 -836.0   648.0     0.0
 -820.0   632.0     0.0
 -718.0   632.0     0.0
 -701.0   648.0     0.0
 -698.0   688.0     0.0
 -718.0   704.0     0.0
 -820.0   704.0     0.0
  820.0   178.0     0.0
  836.0   162.0     0.0
  836.0   122.0     0.0
  820.0   107.0     0.0
  718.0   107.0     0.0
  698.0   122.0     0.0
  698.0   162.0     0.0
  718.0   178.0     0.0
  820.0   178.0     0.0
  820.0   440.0     0.0
  836.0   424.0     0.0
  836.0   384.0     0.0
  820.0   370.0     0.0
  718.0   370.0     0.0
  698.0   384.0     0.0
  698.0   424.0     0.0
  718.0   440.0     0.0
  820.0   440.0     0.0
  820.0   704.0     0.0
  836.0   688.0     0.0
  836.0   648.0     0.0
  820.0   632.0     0.0
  718.0   632.0     0.0
  701.0   648.0     0.0
  701.0   688.0     0.0
  718.0   704.0     0.0
  820.0   704.0     0.0
-1088.0    72.0     0.0
-1064.0    72.0     0.0
-1064.0    24.0     0.0
-1016.0    24.0     0.0
-1016.0     0.0     0.0
-1088.0   750.0     0.0
-1064.0   750.0     0.0
-1064.0   792.0     0.0
-1016.0   792.0     0.0
-1016.0   818.0     0.0
 1088.0   750.0     0.0
 1064.0   750.0     0.0
 1064.0   792.0     0.0
 1016.0   792.0     0.0
 1016.0   818.0     0.0
 1088.0    72.0     0.0
 1064.0    72.0     0.0
 1064.0    24.0     0.0
 1016.0    24.0     0.0
 1016.0     0.0     0.0
  504.0   234.0     0.0
  504.0    50.0     0.0
 1032.0    50.0     0.0
 1032.0   234.0     0.0
  504.0   234.0     0.0
  479.0   259.0     0.0
  479.0    25.0     0.0
 1058.0    25.0     0.0
 1058.0   259.0     0.0
  479.0   259.0     0.0
  476.0   288.0     0.0
  476.0   265.0     0.0
 1061.0   265.0     0.0
 1061.0   288.0     0.0
  476.0   288.0     0.0
  504.0   499.0     0.0
  504.0   316.0     0.0
 1032.0   316.0     0.0
 1032.0   499.0     0.0
  504.0   499.0     0.0
  479.0   524.0     0.0
  479.0   290.0     0.0
 1058.0   290.0     0.0
 1058.0   524.0     0.0
  479.0   524.0     0.0
  476.0   552.0     0.0
  476.0   529.0     0.0
 1061.0   529.0     0.0
 1061.0   552.0     0.0
  476.0   552.0     0.0
  504.0   577.0     0.0
 1032.0   577.0     0.0
 1032.0   760.0     0.0
  504.0   760.0     0.0
  504.0   577.0     0.0
  479.0   519.0     0.0
 1058.0   519.0     0.0
 1058.0   787.0     0.0
  479.0   787.0     0.0
  479.0   519.0     0.0
  476.0    24.0     0.0
  452.0    24.0     0.0
  452.0   792.0     0.0
  476.0   792.0     0.0
  476.0    24.0     0.0
 -452.0   519.0     0.0
  452.0   519.0     0.0
  452.0   552.0     0.0
 -452.0   552.0     0.0
 -452.0   519.0     0.0
 -425.0   577.0     0.0
  425.0   577.0     0.0
  425.0   760.0     0.0
 -425.0   760.0     0.0
 -425.0   577.0     0.0
 -450.0   519.0     0.0
  450.0   519.0     0.0
  450.0   787.0     0.0
 -450.0   787.0     0.0
 -450.0   519.0     0.0
 -476.0    24.0     0.0
 -452.0    24.0     0.0
 -452.0   792.0     0.0
 -476.0   792.0     0.0
 -476.0    24.0     0.0
-1032.0   577.0     0.0
 -504.0   577.0     0.0
 -504.0   760.0     0.0
-1032.0   760.0     0.0
-1032.0   577.0     0.0
-1058.0   519.0     0.0
 -479.0   519.0     0.0
 -479.0   787.0     0.0
-1058.0   787.0     0.0
-1058.0   519.0     0.0
-1061.0   529.0     0.0
 -476.0   529.0     0.0
 -476.0   552.0     0.0
-1061.0   552.0     0.0
-1061.0   529.0     0.0
-1032.0   316.0     0.0
 -504.0   316.0     0.0
 -504.0   499.0     0.0
-1032.0   499.0     0.0
-1032.0   316.0     0.0
-1058.0   290.0     0.0
 -479.0   290.0     0.0
 -479.0   524.0     0.0
-1058.0   524.0     0.0
-1058.0   290.0     0.0
-1061.0   265.0     0.0
 -476.0   265.0     0.0
 -476.0   288.0     0.0
-1061.0   288.0     0.0
-1061.0   265.0     0.0
-1032.0    50.0     0.0
 -504.0    50.0     0.0
 -504.0   234.0     0.0
-1032.0   234.0     0.0
-1032.0    50.0     0.0
-1058.0    25.0     0.0
 -479.0    25.0     0.0
 -479.0   259.0     0.0
-1058.0   259.0     0.0
-1058.0    25.0     0.0
-1061.0    24.0     0.0
 1061.0    24.0     0.0
 1061.0   792.0     0.0
-1061.0   792.0     0.0
-1061.0    24.0     0.0
-1088.0     0.0     0.0
-1088.0   818.0     0.0
 1088.0   818.0     0.0
 1088.0     0.0     0.0
-1088.0     0.0     0.0
Mean X-Coordinate =    -9.8
Mean Y-Coordinate =   474.1
Mean Z-Coordinate =    76.7
