 1888.0  1973.0 -1033.0
 1894.0  1973.0 -1053.0
 1893.0  1973.0 -1073.0
 1884.0  1973.0 -1091.0
 1869.0  1973.0 -1105.0
 1849.0  1973.0 -1111.0
 1829.0  1973.0 -1110.0
 1811.0  1973.0 -1101.0
 1797.0  1973.0 -1085.0
 1791.0  1973.0 -1066.0
 1792.0  1973.0 -1046.0
 1801.0  1973.0 -1027.0
 1817.0  1973.0 -1014.0
 1836.0  1973.0 -1007.0
 1856.0  1973.0 -1009.0
 1875.0  1973.0 -1018.0
 1888.0  1973.0 -1033.0
 1888.0  1947.0 -1033.0
 1894.0  1947.0 -1053.0
 1893.0  1947.0 -1073.0
 1884.0  1947.0 -1091.0
 1869.0  1947.0 -1105.0
 1849.0  1947.0 -1111.0
 1829.0  1947.0 -1110.0
 1811.0  1947.0 -1101.0
 1797.0  1947.0 -1085.0
 1791.0  1947.0 -1066.0
 1792.0  1947.0 -1046.0
 1801.0  1947.0 -1027.0
 1817.0  1947.0 -1014.0
 1836.0  1947.0 -1007.0
 1856.0  1947.0 -1009.0
 1875.0  1947.0 -1018.0
 1888.0  1947.0 -1033.0
 1888.0  1921.0 -1033.0
 1894.0  1921.0 -1053.0
 1893.0  1921.0 -1073.0
 1884.0  1921.0 -1091.0
 1869.0  1921.0 -1105.0
 1849.0  1921.0 -1111.0
 1829.0  1921.0 -1110.0
 1811.0  1921.0 -1101.0
 1797.0  1921.0 -1085.0
 1791.0  1921.0 -1066.0
 1792.0  1921.0 -1046.0
 1801.0  1921.0 -1027.0
 1817.0  1921.0 -1014.0
 1836.0  1921.0 -1007.0
 1856.0  1921.0 -1009.0
 1875.0  1921.0 -1018.0
 1888.0  1921.0 -1033.0
 1888.0  1895.0 -1033.0
 1894.0  1895.0 -1053.0
 1893.0  1895.0 -1073.0
 1884.0  1895.0 -1091.0
 1869.0  1895.0 -1105.0
 1849.0  1895.0 -1111.0
 1829.0  1895.0 -1110.0
 1811.0  1895.0 -1101.0
 1797.0  1895.0 -1085.0
 1791.0  1895.0 -1066.0
 1792.0  1895.0 -1046.0
 1801.0  1895.0 -1027.0
 1817.0  1895.0 -1014.0
 1836.0  1895.0 -1007.0
 1856.0  1895.0 -1009.0
 1875.0  1895.0 -1018.0
 1888.0  1895.0 -1033.0
 1855.0  1869.0 -1043.0
 1863.0  1869.0 -1057.0
 1859.0  1869.0 -1072.0
 1845.0  1869.0 -1080.0
 1830.0  1869.0 -1076.0
 1822.0  1869.0 -1062.0
 1826.0  1869.0 -1047.0
 1840.0  1869.0 -1039.0
 1855.0  1869.0 -1043.0
 1855.0  1843.0 -1043.0
 1863.0  1843.0 -1057.0
 1859.0  1843.0 -1072.0
 1845.0  1843.0 -1080.0
 1830.0  1843.0 -1076.0
 1822.0  1843.0 -1062.0
 1826.0  1843.0 -1047.0
 1840.0  1843.0 -1039.0
 1855.0  1843.0 -1043.0
 1855.0  1816.0 -1043.0
 1863.0  1816.0 -1057.0
 1859.0  1816.0 -1072.0
 1845.0  1816.0 -1080.0
 1830.0  1816.0 -1076.0
 1822.0  1816.0 -1062.0
 1826.0  1816.0 -1047.0
 1840.0  1816.0 -1039.0
 1855.0  1816.0 -1043.0
 1855.0  1790.0 -1043.0
 1863.0  1790.0 -1057.0
 1859.0  1790.0 -1072.0
 1845.0  1790.0 -1080.0
 1830.0  1790.0 -1076.0
 1822.0  1790.0 -1062.0
 1826.0  1790.0 -1047.0
 1840.0  1790.0 -1039.0
 1855.0  1790.0 -1043.0
 1855.0  1764.0 -1043.0
 1863.0  1764.0 -1057.0
 1859.0  1764.0 -1072.0
 1845.0  1764.0 -1080.0
 1830.0  1764.0 -1076.0
 1822.0  1764.0 -1062.0
 1826.0  1764.0 -1047.0
 1840.0  1764.0 -1039.0
 1855.0  1764.0 -1043.0
 1855.0  1738.0 -1043.0
 1863.0  1738.0 -1057.0
 1859.0  1738.0 -1072.0
 1845.0  1738.0 -1080.0
 1830.0  1738.0 -1076.0
 1822.0  1738.0 -1062.0
 1826.0  1738.0 -1047.0
 1840.0  1738.0 -1039.0
 1855.0  1738.0 -1043.0
 1855.0  1712.0 -1043.0
 1863.0  1712.0 -1057.0
 1859.0  1712.0 -1072.0
 1845.0  1712.0 -1080.0
 1830.0  1712.0 -1076.0
 1822.0  1712.0 -1062.0
 1826.0  1712.0 -1047.0
 1840.0  1712.0 -1039.0
 1855.0  1712.0 -1043.0
 1855.0  1686.0 -1043.0
 1863.0  1686.0 -1057.0
 1859.0  1686.0 -1072.0
 1845.0  1686.0 -1080.0
 1830.0  1686.0 -1076.0
 1822.0  1686.0 -1062.0
 1826.0  1686.0 -1047.0
 1840.0  1686.0 -1039.0
 1855.0  1686.0 -1043.0
 1855.0  1660.0 -1043.0
 1863.0  1660.0 -1057.0
 1859.0  1660.0 -1072.0
 1845.0  1660.0 -1080.0
 1830.0  1660.0 -1076.0
 1822.0  1660.0 -1062.0
 1826.0  1660.0 -1047.0
 1840.0  1660.0 -1039.0
 1855.0  1660.0 -1043.0
 1855.0  1633.0 -1043.0
 1863.0  1633.0 -1057.0
 1859.0  1633.0 -1072.0
 1845.0  1633.0 -1080.0
 1830.0  1633.0 -1076.0
 1822.0  1633.0 -1062.0
 1826.0  1633.0 -1047.0
 1840.0  1633.0 -1039.0
 1855.0  1633.0 -1043.0
 1855.0  1607.0 -1043.0
 1863.0  1607.0 -1057.0
 1859.0  1607.0 -1072.0
 1845.0  1607.0 -1080.0
 1830.0  1607.0 -1076.0
 1822.0  1607.0 -1062.0
 1826.0  1607.0 -1047.0
 1840.0  1607.0 -1039.0
 1855.0  1607.0 -1043.0
 1855.0  1581.0 -1043.0
 1863.0  1581.0 -1057.0
 1859.0  1581.0 -1072.0
 1845.0  1581.0 -1080.0
 1830.0  1581.0 -1076.0
 1822.0  1581.0 -1062.0
 1826.0  1581.0 -1047.0
 1840.0  1581.0 -1039.0
 1855.0  1581.0 -1043.0
 1860.0  1555.0 -1037.0
 1871.0  1555.0 -1056.0
 1865.0  1555.0 -1077.0
 1846.0  1555.0 -1088.0
 1825.0  1555.0 -1082.0
 1814.0  1555.0 -1063.0
 1820.0  1555.0 -1042.0
 1839.0  1555.0 -1031.0
 1860.0  1555.0 -1037.0
 1865.0  1529.0 -1030.0
 1879.0  1529.0 -1055.0
 1872.0  1529.0 -1082.0
 1847.0  1529.0 -1096.0
 1820.0  1529.0 -1088.0
 1806.0  1529.0 -1064.0
 1814.0  1529.0 -1037.0
 1838.0  1529.0 -1023.0
 1865.0  1529.0 -1030.0
 1870.0  1503.0 -1024.0
 1887.0  1503.0 -1054.0
 1878.0  1503.0 -1086.0
 1848.0  1503.0 -1103.0
 1816.0  1503.0 -1095.0
 1799.0  1503.0 -1065.0
 1807.0  1503.0 -1032.0
 1837.0  1503.0 -1015.0
 1870.0  1503.0 -1024.0
 1875.0  1477.0 -1018.0
 1894.0  1477.0 -1053.0
 1884.0  1477.0 -1091.0
 1849.0  1477.0 -1111.0
 1811.0  1477.0 -1101.0
 1791.0  1477.0 -1066.0
 1801.0  1477.0 -1027.0
 1836.0  1477.0 -1007.0
 1875.0  1477.0 -1018.0
 1888.0  1450.0 -1033.0
 1894.0  1450.0 -1053.0
 1893.0  1450.0 -1073.0
 1884.0  1450.0 -1091.0
 1869.0  1450.0 -1105.0
 1849.0  1450.0 -1111.0
 1829.0  1450.0 -1110.0
 1811.0  1450.0 -1101.0
 1797.0  1450.0 -1085.0
 1791.0  1450.0 -1066.0
 1792.0  1450.0 -1046.0
 1801.0  1450.0 -1027.0
 1817.0  1450.0 -1014.0
 1836.0  1450.0 -1007.0
 1856.0  1450.0 -1009.0
 1875.0  1450.0 -1018.0
 1888.0  1450.0 -1033.0
 1888.0  1424.0 -1033.0
 1894.0  1424.0 -1053.0
 1893.0  1424.0 -1073.0
 1884.0  1424.0 -1091.0
 1869.0  1424.0 -1105.0
 1849.0  1424.0 -1111.0
 1829.0  1424.0 -1110.0
 1811.0  1424.0 -1101.0
 1797.0  1424.0 -1085.0
 1791.0  1424.0 -1066.0
 1792.0  1424.0 -1046.0
 1801.0  1424.0 -1027.0
 1817.0  1424.0 -1014.0
 1836.0  1424.0 -1007.0
 1856.0  1424.0 -1009.0
 1875.0  1424.0 -1018.0
 1888.0  1424.0 -1033.0
 1888.0  1398.0 -1033.0
 1894.0  1398.0 -1053.0
 1893.0  1398.0 -1073.0
 1884.0  1398.0 -1091.0
 1869.0  1398.0 -1105.0
 1849.0  1398.0 -1111.0
 1829.0  1398.0 -1110.0
 1811.0  1398.0 -1101.0
 1797.0  1398.0 -1085.0
 1791.0  1398.0 -1066.0
 1792.0  1398.0 -1046.0
 1801.0  1398.0 -1027.0
 1817.0  1398.0 -1014.0
 1836.0  1398.0 -1007.0
 1856.0  1398.0 -1009.0
 1875.0  1398.0 -1018.0
 1888.0  1398.0 -1033.0
 1888.0  1372.0 -1033.0
 1894.0  1372.0 -1053.0
 1893.0  1372.0 -1073.0
 1884.0  1372.0 -1091.0
 1869.0  1372.0 -1105.0
 1849.0  1372.0 -1111.0
 1829.0  1372.0 -1110.0
 1811.0  1372.0 -1101.0
 1797.0  1372.0 -1085.0
 1791.0  1372.0 -1066.0
 1792.0  1372.0 -1046.0
 1801.0  1372.0 -1027.0
 1817.0  1372.0 -1014.0
 1836.0  1372.0 -1007.0
 1856.0  1372.0 -1009.0
 1875.0  1372.0 -1018.0
 1888.0  1372.0 -1033.0
 1888.0  1346.0 -1033.0
 1894.0  1346.0 -1053.0
 1893.0  1346.0 -1073.0
 1884.0  1346.0 -1091.0
 1869.0  1346.0 -1105.0
 1849.0  1346.0 -1111.0
 1829.0  1346.0 -1110.0
 1811.0  1346.0 -1101.0
 1797.0  1346.0 -1085.0
 1791.0  1346.0 -1066.0
 1792.0  1346.0 -1046.0
 1801.0  1346.0 -1027.0
 1817.0  1346.0 -1014.0
 1836.0  1346.0 -1007.0
 1856.0  1346.0 -1009.0
 1875.0  1346.0 -1018.0
 1888.0  1346.0 -1033.0
 1888.0  1320.0 -1033.0
 1894.0  1320.0 -1053.0
 1893.0  1320.0 -1073.0
 1884.0  1320.0 -1091.0
 1869.0  1320.0 -1105.0
 1849.0  1320.0 -1111.0
 1829.0  1320.0 -1110.0
 1811.0  1320.0 -1101.0
 1797.0  1320.0 -1085.0
 1791.0  1320.0 -1066.0
 1792.0  1320.0 -1046.0
 1801.0  1320.0 -1027.0
 1817.0  1320.0 -1014.0
 1836.0  1320.0 -1007.0
 1856.0  1320.0 -1009.0
 1875.0  1320.0 -1018.0
 1888.0  1320.0 -1033.0
 1888.0  1294.0 -1033.0
 1894.0  1294.0 -1053.0
 1893.0  1294.0 -1073.0
 1884.0  1294.0 -1091.0
 1869.0  1294.0 -1105.0
 1849.0  1294.0 -1111.0
 1829.0  1294.0 -1110.0
 1811.0  1294.0 -1101.0
 1797.0  1294.0 -1085.0
 1791.0  1294.0 -1066.0
 1792.0  1294.0 -1046.0
 1801.0  1294.0 -1027.0
 1817.0  1294.0 -1014.0
 1836.0  1294.0 -1007.0
 1856.0  1294.0 -1009.0
 1875.0  1294.0 -1018.0
 1888.0  1294.0 -1033.0
 1888.0  1267.0 -1033.0
 1894.0  1267.0 -1053.0
 1893.0  1267.0 -1073.0
 1884.0  1267.0 -1091.0
 1869.0  1267.0 -1105.0
 1849.0  1267.0 -1111.0
 1829.0  1267.0 -1110.0
 1811.0  1267.0 -1101.0
 1797.0  1267.0 -1085.0
 1791.0  1267.0 -1066.0
 1792.0  1267.0 -1046.0
 1801.0  1267.0 -1027.0
 1817.0  1267.0 -1014.0
 1836.0  1267.0 -1007.0
 1856.0  1267.0 -1009.0
 1875.0  1267.0 -1018.0
 1888.0  1267.0 -1033.0
 1888.0  1241.0 -1033.0
 1894.0  1241.0 -1053.0
 1893.0  1241.0 -1073.0
 1884.0  1241.0 -1091.0
 1869.0  1241.0 -1105.0
 1849.0  1241.0 -1111.0
 1829.0  1241.0 -1110.0
 1811.0  1241.0 -1101.0
 1797.0  1241.0 -1085.0
 1791.0  1241.0 -1066.0
 1792.0  1241.0 -1046.0
 1801.0  1241.0 -1027.0
 1817.0  1241.0 -1014.0
 1836.0  1241.0 -1007.0
 1856.0  1241.0 -1009.0
 1875.0  1241.0 -1018.0
 1888.0  1241.0 -1033.0
 1888.0  1215.0 -1033.0
 1894.0  1215.0 -1053.0
 1893.0  1215.0 -1073.0
 1884.0  1215.0 -1091.0
 1869.0  1215.0 -1105.0
 1849.0  1215.0 -1111.0
 1829.0  1215.0 -1110.0
 1811.0  1215.0 -1101.0
 1797.0  1215.0 -1085.0
 1791.0  1215.0 -1066.0
 1792.0  1215.0 -1046.0
 1801.0  1215.0 -1027.0
 1817.0  1215.0 -1014.0
 1836.0  1215.0 -1007.0
 1856.0  1215.0 -1009.0
 1875.0  1215.0 -1018.0
 1888.0  1215.0 -1033.0
 1888.0  1189.0 -1033.0
 1894.0  1189.0 -1053.0
 1893.0  1189.0 -1073.0
 1884.0  1189.0 -1091.0
 1869.0  1189.0 -1105.0
 1849.0  1189.0 -1111.0
 1829.0  1189.0 -1110.0
 1811.0  1189.0 -1101.0
 1797.0  1189.0 -1085.0
 1791.0  1189.0 -1066.0
 1792.0  1189.0 -1046.0
 1801.0  1189.0 -1027.0
 1817.0  1189.0 -1014.0
 1836.0  1189.0 -1007.0
 1856.0  1189.0 -1009.0
 1875.0  1189.0 -1018.0
 1888.0  1189.0 -1033.0
 1888.0  1163.0 -1033.0
 1894.0  1163.0 -1053.0
 1893.0  1163.0 -1073.0
 1884.0  1163.0 -1091.0
 1869.0  1163.0 -1105.0
 1849.0  1163.0 -1111.0
 1829.0  1163.0 -1110.0
 1811.0  1163.0 -1101.0
 1797.0  1163.0 -1085.0
 1791.0  1163.0 -1066.0
 1792.0  1163.0 -1046.0
 1801.0  1163.0 -1027.0
 1817.0  1163.0 -1014.0
 1836.0  1163.0 -1007.0
 1856.0  1163.0 -1009.0
 1875.0  1163.0 -1018.0
 1888.0  1163.0 -1033.0
 1888.0  1137.0 -1033.0
 1894.0  1137.0 -1053.0
 1893.0  1137.0 -1073.0
 1884.0  1137.0 -1091.0
 1869.0  1137.0 -1105.0
 1849.0  1137.0 -1111.0
 1829.0  1137.0 -1110.0
 1811.0  1137.0 -1101.0
 1797.0  1137.0 -1085.0
 1791.0  1137.0 -1066.0
 1792.0  1137.0 -1046.0
 1801.0  1137.0 -1027.0
 1817.0  1137.0 -1014.0
 1836.0  1137.0 -1007.0
 1856.0  1137.0 -1009.0
 1875.0  1137.0 -1018.0
 1888.0  1137.0 -1033.0
 1888.0  1111.0 -1033.0
 1894.0  1111.0 -1053.0
 1893.0  1111.0 -1073.0
 1884.0  1111.0 -1091.0
 1869.0  1111.0 -1105.0
 1849.0  1111.0 -1111.0
 1829.0  1111.0 -1110.0
 1811.0  1111.0 -1101.0
 1797.0  1111.0 -1085.0
 1791.0  1111.0 -1066.0
 1792.0  1111.0 -1046.0
 1801.0  1111.0 -1027.0
 1817.0  1111.0 -1014.0
 1836.0  1111.0 -1007.0
 1856.0  1111.0 -1009.0
 1875.0  1111.0 -1018.0
 1888.0  1111.0 -1033.0
 1888.0  1084.0 -1033.0
 1894.0  1084.0 -1053.0
 1893.0  1084.0 -1073.0
 1884.0  1084.0 -1091.0
 1869.0  1084.0 -1105.0
 1849.0  1084.0 -1111.0
 1829.0  1084.0 -1110.0
 1811.0  1084.0 -1101.0
 1797.0  1084.0 -1085.0
 1791.0  1084.0 -1066.0
 1792.0  1084.0 -1046.0
 1801.0  1084.0 -1027.0
 1817.0  1084.0 -1014.0
 1836.0  1084.0 -1007.0
 1856.0  1084.0 -1009.0
 1875.0  1084.0 -1018.0
 1888.0  1084.0 -1033.0
 1888.0  1058.0 -1033.0
 1894.0  1058.0 -1053.0
 1893.0  1058.0 -1073.0
 1884.0  1058.0 -1091.0
 1869.0  1058.0 -1105.0
 1849.0  1058.0 -1111.0
 1829.0  1058.0 -1110.0
 1811.0  1058.0 -1101.0
 1797.0  1058.0 -1085.0
 1791.0  1058.0 -1066.0
 1792.0  1058.0 -1046.0
 1801.0  1058.0 -1027.0
 1817.0  1058.0 -1014.0
 1836.0  1058.0 -1007.0
 1856.0  1058.0 -1009.0
 1875.0  1058.0 -1018.0
 1888.0  1058.0 -1033.0
 1888.0  1032.0 -1033.0
 1894.0  1032.0 -1053.0
 1893.0  1032.0 -1073.0
 1884.0  1032.0 -1091.0
 1869.0  1032.0 -1105.0
 1849.0  1032.0 -1111.0
 1829.0  1032.0 -1110.0
 1811.0  1032.0 -1101.0
 1797.0  1032.0 -1085.0
 1791.0  1032.0 -1066.0
 1792.0  1032.0 -1046.0
 1801.0  1032.0 -1027.0
 1817.0  1032.0 -1014.0
 1836.0  1032.0 -1007.0
 1856.0  1032.0 -1009.0
 1875.0  1032.0 -1018.0
 1888.0  1032.0 -1033.0
 1888.0  1006.0 -1033.0
 1894.0  1006.0 -1053.0
 1893.0  1006.0 -1073.0
 1884.0  1006.0 -1091.0
 1869.0  1006.0 -1105.0
 1849.0  1006.0 -1111.0
 1829.0  1006.0 -1110.0
 1811.0  1006.0 -1101.0
 1797.0  1006.0 -1085.0
 1791.0  1006.0 -1066.0
 1792.0  1006.0 -1046.0
 1801.0  1006.0 -1027.0
 1817.0  1006.0 -1014.0
 1836.0  1006.0 -1007.0
 1856.0  1006.0 -1009.0
 1875.0  1006.0 -1018.0
 1888.0  1006.0 -1033.0
 1888.0   980.0 -1033.0
 1894.0   980.0 -1053.0
 1893.0   980.0 -1073.0
 1884.0   980.0 -1091.0
 1869.0   980.0 -1105.0
 1849.0   980.0 -1111.0
 1829.0   980.0 -1110.0
 1811.0   980.0 -1101.0
 1797.0   980.0 -1085.0
 1791.0   980.0 -1066.0
 1792.0   980.0 -1046.0
 1801.0   980.0 -1027.0
 1817.0   980.0 -1014.0
 1836.0   980.0 -1007.0
 1856.0   980.0 -1009.0
 1875.0   980.0 -1018.0
 1888.0   980.0 -1033.0
 1888.0   954.0 -1033.0
 1894.0   954.0 -1053.0
 1893.0   954.0 -1073.0
 1884.0   954.0 -1091.0
 1869.0   954.0 -1105.0
 1849.0   954.0 -1111.0
 1829.0   954.0 -1110.0
 1811.0   954.0 -1101.0
 1797.0   954.0 -1085.0
 1791.0   954.0 -1066.0
 1792.0   954.0 -1046.0
 1801.0   954.0 -1027.0
 1817.0   954.0 -1014.0
 1836.0   954.0 -1007.0
 1856.0   954.0 -1009.0
 1875.0   954.0 -1018.0
 1888.0   954.0 -1033.0
 1888.0   928.0 -1033.0
 1894.0   928.0 -1053.0
 1893.0   928.0 -1073.0
 1884.0   928.0 -1091.0
 1869.0   928.0 -1105.0
 1849.0   928.0 -1111.0
 1829.0   928.0 -1110.0
 1811.0   928.0 -1101.0
 1797.0   928.0 -1085.0
 1791.0   928.0 -1066.0
 1792.0   928.0 -1046.0
 1801.0   928.0 -1027.0
 1817.0   928.0 -1014.0
 1836.0   928.0 -1007.0
 1856.0   928.0 -1009.0
 1875.0   928.0 -1018.0
 1888.0   928.0 -1033.0
 1888.0   901.0 -1033.0
 1894.0   901.0 -1053.0
 1893.0   901.0 -1073.0
 1884.0   901.0 -1091.0
 1869.0   901.0 -1105.0
 1849.0   901.0 -1111.0
 1829.0   901.0 -1110.0
 1811.0   901.0 -1101.0
 1797.0   901.0 -1085.0
 1791.0   901.0 -1066.0
 1792.0   901.0 -1046.0
 1801.0   901.0 -1027.0
 1817.0   901.0 -1014.0
 1836.0   901.0 -1007.0
 1856.0   901.0 -1009.0
 1875.0   901.0 -1018.0
 1888.0   901.0 -1033.0
 1888.0   875.0 -1033.0
 1894.0   875.0 -1053.0
 1893.0   875.0 -1073.0
 1884.0   875.0 -1091.0
 1869.0   875.0 -1105.0
 1849.0   875.0 -1111.0
 1829.0   875.0 -1110.0
 1811.0   875.0 -1101.0
 1797.0   875.0 -1085.0
 1791.0   875.0 -1066.0
 1792.0   875.0 -1046.0
 1801.0   875.0 -1027.0
 1817.0   875.0 -1014.0
 1836.0   875.0 -1007.0
 1856.0   875.0 -1009.0
 1875.0   875.0 -1018.0
 1888.0   875.0 -1033.0
 1880.0   849.0 -1031.0
 1889.0   849.0 -1053.0
 1886.0   849.0 -1077.0
 1871.0   849.0 -1097.0
 1849.0   849.0 -1106.0
 1825.0   849.0 -1103.0
 1805.0   849.0 -1088.0
 1796.0   849.0 -1065.0
 1799.0   849.0 -1041.0
 1814.0   849.0 -1022.0
 1837.0   849.0 -1013.0
 1861.0   849.0 -1016.0
 1880.0   849.0 -1031.0
 1876.0   823.0 -1034.0
 1884.0   823.0 -1054.0
 1881.0   823.0 -1075.0
 1868.0   823.0 -1093.0
 1848.0   823.0 -1101.0
 1827.0   823.0 -1098.0
 1809.0   823.0 -1085.0
 1801.0   823.0 -1065.0
 1804.0   823.0 -1043.0
 1817.0   823.0 -1026.0
 1837.0   823.0 -1018.0
 1859.0   823.0 -1021.0
 1876.0   823.0 -1034.0
 1872.0   797.0 -1037.0
 1879.0   797.0 -1055.0
 1876.0   797.0 -1073.0
 1865.0   797.0 -1088.0
 1847.0   797.0 -1096.0
 1829.0   797.0 -1093.0
 1814.0   797.0 -1082.0
 1806.0   797.0 -1064.0
 1809.0   797.0 -1045.0
 1820.0   797.0 -1030.0
 1838.0   797.0 -1023.0
 1857.0   797.0 -1026.0
 1872.0   797.0 -1037.0
 1876.0   771.0 -1034.0
 1884.0   771.0 -1054.0
 1881.0   771.0 -1075.0
 1868.0   771.0 -1093.0
 1848.0   771.0 -1101.0
 1827.0   771.0 -1098.0
 1809.0   771.0 -1085.0
 1801.0   771.0 -1065.0
 1804.0   771.0 -1043.0
 1817.0   771.0 -1026.0
 1837.0   771.0 -1018.0
 1859.0   771.0 -1021.0
 1876.0   771.0 -1034.0
 1880.0   745.0 -1031.0
 1889.0   745.0 -1053.0
 1886.0   745.0 -1077.0
 1871.0   745.0 -1097.0
 1849.0   745.0 -1106.0
 1825.0   745.0 -1103.0
 1805.0   745.0 -1088.0
 1796.0   745.0 -1065.0
 1799.0   745.0 -1041.0
 1814.0   745.0 -1022.0
 1837.0   745.0 -1013.0
 1861.0   745.0 -1016.0
 1880.0   745.0 -1031.0
 1884.0   718.0 -1028.0
 1894.0   718.0 -1053.0
 1891.0   718.0 -1079.0
 1874.0   718.0 -1101.0
 1849.0   718.0 -1111.0
 1823.0   718.0 -1108.0
 1801.0   718.0 -1091.0
 1791.0   718.0 -1066.0
 1794.0   718.0 -1039.0
 1811.0   718.0 -1018.0
 1836.0   718.0 -1007.0
 1863.0   718.0 -1011.0
 1884.0   718.0 -1028.0
 1888.0   692.0 -1033.0
 1894.0   692.0 -1053.0
 1893.0   692.0 -1073.0
 1884.0   692.0 -1091.0
 1869.0   692.0 -1105.0
 1849.0   692.0 -1111.0
 1829.0   692.0 -1110.0
 1811.0   692.0 -1101.0
 1797.0   692.0 -1085.0
 1791.0   692.0 -1066.0
 1792.0   692.0 -1046.0
 1801.0   692.0 -1027.0
 1817.0   692.0 -1014.0
 1836.0   692.0 -1007.0
 1856.0   692.0 -1009.0
 1875.0   692.0 -1018.0
 1888.0   692.0 -1033.0
 1888.0   666.0 -1033.0
 1894.0   666.0 -1053.0
 1893.0   666.0 -1073.0
 1884.0   666.0 -1091.0
 1869.0   666.0 -1105.0
 1849.0   666.0 -1111.0
 1829.0   666.0 -1110.0
 1811.0   666.0 -1101.0
 1797.0   666.0 -1085.0
 1791.0   666.0 -1066.0
 1792.0   666.0 -1046.0
 1801.0   666.0 -1027.0
 1817.0   666.0 -1014.0
 1836.0   666.0 -1007.0
 1856.0   666.0 -1009.0
 1875.0   666.0 -1018.0
 1888.0   666.0 -1033.0
 1888.0   640.0 -1033.0
 1894.0   640.0 -1053.0
 1893.0   640.0 -1073.0
 1884.0   640.0 -1091.0
 1869.0   640.0 -1105.0
 1849.0   640.0 -1111.0
 1829.0   640.0 -1110.0
 1811.0   640.0 -1101.0
 1797.0   640.0 -1085.0
 1791.0   640.0 -1066.0
 1792.0   640.0 -1046.0
 1801.0   640.0 -1027.0
 1817.0   640.0 -1014.0
 1836.0   640.0 -1007.0
 1856.0   640.0 -1009.0
 1875.0   640.0 -1018.0
 1888.0   640.0 -1033.0
 1880.0   614.0 -1031.0
 1889.0   614.0 -1053.0
 1886.0   614.0 -1077.0
 1871.0   614.0 -1097.0
 1849.0   614.0 -1106.0
 1825.0   614.0 -1103.0
 1805.0   614.0 -1088.0
 1796.0   614.0 -1065.0
 1799.0   614.0 -1041.0
 1814.0   614.0 -1022.0
 1837.0   614.0 -1013.0
 1861.0   614.0 -1016.0
 1880.0   614.0 -1031.0
 1876.0   588.0 -1034.0
 1884.0   588.0 -1054.0
 1881.0   588.0 -1075.0
 1868.0   588.0 -1093.0
 1848.0   588.0 -1101.0
 1827.0   588.0 -1098.0
 1809.0   588.0 -1085.0
 1801.0   588.0 -1065.0
 1804.0   588.0 -1043.0
 1817.0   588.0 -1026.0
 1837.0   588.0 -1018.0
 1859.0   588.0 -1021.0
 1876.0   588.0 -1034.0
 1872.0   562.0 -1037.0
 1879.0   562.0 -1055.0
 1876.0   562.0 -1073.0
 1865.0   562.0 -1088.0
 1847.0   562.0 -1096.0
 1829.0   562.0 -1093.0
 1814.0   562.0 -1082.0
 1806.0   562.0 -1064.0
 1809.0   562.0 -1045.0
 1820.0   562.0 -1030.0
 1838.0   562.0 -1023.0
 1857.0   562.0 -1026.0
 1872.0   562.0 -1037.0
 1869.0   614.0 -1056.0
 1869.0   614.0 -1056.0
 1874.0   588.0 -1055.0
 1874.0   588.0 -1055.0
 1879.0   562.0 -1055.0
 1879.0   562.0 -1055.0
 1879.0   535.0 -1038.0
 1884.0   535.0 -1054.0
 1883.0   535.0 -1070.0
 1876.0   535.0 -1085.0
 1864.0   535.0 -1096.0
 1848.0   535.0 -1101.0
 1832.0   535.0 -1100.0
 1817.0   535.0 -1092.0
 1806.0   535.0 -1080.0
 1801.0   535.0 -1065.0
 1802.0   535.0 -1048.0
 1809.0   535.0 -1034.0
 1822.0   535.0 -1023.0
 1837.0   535.0 -1018.0
 1854.0   535.0 -1019.0
 1868.0   535.0 -1026.0
 1879.0   535.0 -1038.0
 1883.0   509.0 -1036.0
 1889.0   509.0 -1053.0
 1888.0   509.0 -1072.0
 1880.0   509.0 -1088.0
 1866.0   509.0 -1100.0
 1849.0   509.0 -1106.0
 1830.0   509.0 -1105.0
 1814.0   509.0 -1097.0
 1802.0   509.0 -1083.0
 1796.0   509.0 -1065.0
 1797.0   509.0 -1047.0
 1805.0   509.0 -1031.0
 1819.0   509.0 -1019.0
 1837.0   509.0 -1013.0
 1855.0   509.0 -1014.0
 1871.0   509.0 -1022.0
 1883.0   509.0 -1036.0
 1888.0   483.0 -1033.0
 1894.0   483.0 -1053.0
 1893.0   483.0 -1073.0
 1884.0   483.0 -1091.0
 1869.0   483.0 -1105.0
 1849.0   483.0 -1111.0
 1829.0   483.0 -1110.0
 1811.0   483.0 -1101.0
 1797.0   483.0 -1085.0
 1791.0   483.0 -1066.0
 1792.0   483.0 -1046.0
 1801.0   483.0 -1027.0
 1817.0   483.0 -1014.0
 1836.0   483.0 -1007.0
 1856.0   483.0 -1009.0
 1875.0   483.0 -1018.0
 1888.0   483.0 -1033.0
 1888.0   483.0 -1033.0
 1894.0   483.0 -1053.0
 1893.0   483.0 -1073.0
 1884.0   483.0 -1091.0
 1869.0   483.0 -1105.0
 1849.0   483.0 -1111.0
 1829.0   483.0 -1110.0
 1811.0   483.0 -1101.0
 1797.0   483.0 -1085.0
 1791.0   483.0 -1066.0
 1792.0   483.0 -1046.0
 1801.0   483.0 -1027.0
 1817.0   483.0 -1014.0
 1836.0   483.0 -1007.0
 1856.0   483.0 -1009.0
 1875.0   483.0 -1018.0
 1888.0   483.0 -1033.0
 1888.0   457.0 -1033.0
 1894.0   457.0 -1053.0
 1893.0   457.0 -1073.0
 1884.0   457.0 -1091.0
 1869.0   457.0 -1105.0
 1849.0   457.0 -1111.0
 1829.0   457.0 -1110.0
 1811.0   457.0 -1101.0
 1797.0   457.0 -1085.0
 1791.0   457.0 -1066.0
 1792.0   457.0 -1046.0
 1801.0   457.0 -1027.0
 1817.0   457.0 -1014.0
 1836.0   457.0 -1007.0
 1856.0   457.0 -1009.0
 1875.0   457.0 -1018.0
 1888.0   457.0 -1033.0
 1888.0   431.0 -1033.0
 1894.0   431.0 -1053.0
 1893.0   431.0 -1073.0
 1884.0   431.0 -1091.0
 1869.0   431.0 -1105.0
 1849.0   431.0 -1111.0
 1829.0   431.0 -1110.0
 1811.0   431.0 -1101.0
 1797.0   431.0 -1085.0
 1791.0   431.0 -1066.0
 1792.0   431.0 -1046.0
 1801.0   431.0 -1027.0
 1817.0   431.0 -1014.0
 1836.0   431.0 -1007.0
 1856.0   431.0 -1009.0
 1875.0   431.0 -1018.0
 1888.0   431.0 -1033.0
 1888.0   405.0 -1033.0
 1894.0   405.0 -1053.0
 1893.0   405.0 -1073.0
 1884.0   405.0 -1091.0
 1869.0   405.0 -1105.0
 1849.0   405.0 -1111.0
 1829.0   405.0 -1110.0
 1811.0   405.0 -1101.0
 1797.0   405.0 -1085.0
 1791.0   405.0 -1066.0
 1792.0   405.0 -1046.0
 1801.0   405.0 -1027.0
 1817.0   405.0 -1014.0
 1836.0   405.0 -1007.0
 1856.0   405.0 -1009.0
 1875.0   405.0 -1018.0
 1888.0   405.0 -1033.0
 1888.0   379.0 -1033.0
 1894.0   379.0 -1053.0
 1893.0   379.0 -1073.0
 1884.0   379.0 -1091.0
 1869.0   379.0 -1105.0
 1849.0   379.0 -1111.0
 1829.0   379.0 -1110.0
 1811.0   379.0 -1101.0
 1797.0   379.0 -1085.0
 1791.0   379.0 -1066.0
 1792.0   379.0 -1046.0
 1801.0   379.0 -1027.0
 1817.0   379.0 -1014.0
 1836.0   379.0 -1007.0
 1856.0   379.0 -1009.0
 1875.0   379.0 -1018.0
 1888.0   379.0 -1033.0
 1888.0   352.0 -1033.0
 1894.0   352.0 -1053.0
 1893.0   352.0 -1073.0
 1884.0   352.0 -1091.0
 1869.0   352.0 -1105.0
 1849.0   352.0 -1111.0
 1829.0   352.0 -1110.0
 1811.0   352.0 -1101.0
 1797.0   352.0 -1085.0
 1791.0   352.0 -1066.0
 1792.0   352.0 -1046.0
 1801.0   352.0 -1027.0
 1817.0   352.0 -1014.0
 1836.0   352.0 -1007.0
 1856.0   352.0 -1009.0
 1875.0   352.0 -1018.0
 1888.0   352.0 -1033.0
 1888.0   326.0 -1033.0
 1894.0   326.0 -1053.0
 1893.0   326.0 -1073.0
 1884.0   326.0 -1091.0
 1869.0   326.0 -1105.0
 1849.0   326.0 -1111.0
 1829.0   326.0 -1110.0
 1811.0   326.0 -1101.0
 1797.0   326.0 -1085.0
 1791.0   326.0 -1066.0
 1792.0   326.0 -1046.0
 1801.0   326.0 -1027.0
 1817.0   326.0 -1014.0
 1836.0   326.0 -1007.0
 1856.0   326.0 -1009.0
 1875.0   326.0 -1018.0
 1888.0   326.0 -1033.0
 1888.0   300.0 -1033.0
 1894.0   300.0 -1053.0
 1893.0   300.0 -1073.0
 1884.0   300.0 -1091.0
 1869.0   300.0 -1105.0
 1849.0   300.0 -1111.0
 1829.0   300.0 -1110.0
 1811.0   300.0 -1101.0
 1797.0   300.0 -1085.0
 1791.0   300.0 -1066.0
 1792.0   300.0 -1046.0
 1801.0   300.0 -1027.0
 1817.0   300.0 -1014.0
 1836.0   300.0 -1007.0
 1856.0   300.0 -1009.0
 1875.0   300.0 -1018.0
 1888.0   300.0 -1033.0
 1888.0   274.0 -1033.0
 1894.0   274.0 -1053.0
 1893.0   274.0 -1073.0
 1884.0   274.0 -1091.0
 1869.0   274.0 -1105.0
 1849.0   274.0 -1111.0
 1829.0   274.0 -1110.0
 1811.0   274.0 -1101.0
 1797.0   274.0 -1085.0
 1791.0   274.0 -1066.0
 1792.0   274.0 -1046.0
 1801.0   274.0 -1027.0
 1817.0   274.0 -1014.0
 1836.0   274.0 -1007.0
 1856.0   274.0 -1009.0
 1875.0   274.0 -1018.0
 1888.0   274.0 -1033.0
 1888.0   248.0 -1033.0
 1894.0   248.0 -1053.0
 1893.0   248.0 -1073.0
 1884.0   248.0 -1091.0
 1869.0   248.0 -1105.0
 1849.0   248.0 -1111.0
 1829.0   248.0 -1110.0
 1811.0   248.0 -1101.0
 1797.0   248.0 -1085.0
 1791.0   248.0 -1066.0
 1792.0   248.0 -1046.0
 1801.0   248.0 -1027.0
 1817.0   248.0 -1014.0
 1836.0   248.0 -1007.0
 1856.0   248.0 -1009.0
 1875.0   248.0 -1018.0
 1888.0   248.0 -1033.0
 1947.0 -1909.0 -1007.0
 1947.0   248.0 -1007.0
 1947.0 -1948.0 -1138.0
 1947.0   287.0 -1138.0
 2000.0 -2000.0 -1190.0
 2000.0   379.0 -1190.0
 2000.0 -2000.0 -1373.0
 2000.0   379.0 -1373.0
 2026.0 -2026.0 -1386.0
 2026.0   405.0 -1386.0
 2000.0 -2000.0 -1425.0
 2000.0   379.0 -1425.0
 2026.0 -2026.0 -1425.0
 2026.0   405.0 -1425.0
 2000.0 -2000.0 -1451.0
 2000.0   379.0 -1451.0
 2026.0 -2026.0 -1451.0
 2026.0   405.0 -1451.0
 2000.0 -2000.0 -1791.0
 2000.0   379.0 -1791.0
 2026.0 -2026.0 -1791.0
 2026.0   405.0 -1791.0
 2000.0 -2000.0 -1817.0
 2000.0   379.0 -1817.0
 2026.0 -2026.0 -1817.0
 2026.0   405.0 -1817.0
 2026.0 -2026.0 -1870.0
 2026.0   405.0 -1870.0
 2000.0 -2000.0 -1896.0
 2000.0   379.0 -1896.0
-1948.0 -1909.0 -1007.0
 1947.0 -1909.0 -1007.0
 1947.0 -1948.0 -1138.0
 2000.0 -2000.0 -1791.0
 2000.0 -2000.0 -1817.0
 2026.0 -2026.0 -1817.0
 2026.0 -2026.0 -1870.0
 2000.0 -2000.0 -1896.0
 2000.0 -2000.0 -2000.0
 2000.0 -2000.0 -1373.0
 2000.0 -2000.0 -1190.0
 2000.0 -2000.0 -1190.0
 1947.0 -1948.0 -1138.0
-1948.0 -1948.0 -1138.0
 2000.0 -2000.0 -1190.0
-2000.0 -2000.0 -1190.0
 2026.0 -2026.0 -1386.0
-2026.0 -2026.0 -1386.0
-2000.0 -2000.0 -1373.0
 2000.0 -2000.0 -1373.0
 2026.0 -2026.0 -1386.0
 2026.0 -2026.0 -1425.0
 2000.0 -2000.0 -1425.0
-2000.0 -2000.0 -1425.0
-1974.0 -1974.0 -1425.0
 2026.0 -2026.0 -1425.0
 2000.0 -2000.0 -1425.0
-2000.0 -2000.0 -1451.0
 2026.0 -2026.0 -1451.0
 2000.0 -2000.0 -1451.0
-2000.0 -2000.0 -1451.0
-1974.0 -1974.0 -1451.0
 2026.0 -2026.0 -1451.0
 2026.0 -2026.0 -1791.0
 2000.0 -2000.0 -1791.0
-2000.0 -2000.0 -1791.0
-2000.0 -2000.0 -1817.0
 2000.0 -2000.0 -1817.0
 2026.0 -2026.0 -1817.0
-1974.0 -1974.0 -1817.0
-1974.0 -1974.0 -1870.0
 2026.0 -2026.0 -1870.0
 2000.0 -2000.0 -1896.0
-2000.0 -2000.0 -1896.0
-1347.0  -176.0 -2000.0
-1451.0  -176.0 -2000.0
-1451.0  -181.0 -2000.0
-1347.0  -181.0 -2000.0
-1347.0  -186.0 -2000.0
-1451.0  -186.0 -2000.0
-1451.0  -191.0 -2000.0
-1347.0  -191.0 -2000.0
-1451.0  -165.0 -2000.0
-1425.0  -165.0 -2000.0
-1425.0  -160.0 -2000.0
-1451.0  -160.0 -2000.0
-1451.0  -155.0 -2000.0
-1425.0  -155.0 -2000.0
-1425.0  -150.0 -2000.0
-1451.0  -150.0 -2000.0
-1451.0  -144.0 -2000.0
-1425.0  -144.0 -2000.0
-1425.0  -139.0 -2000.0
-1451.0  -139.0 -2000.0
-1451.0  -134.0 -2000.0
-1425.0  -134.0 -2000.0
-1425.0  -129.0 -2000.0
-1451.0  -129.0 -2000.0
-1451.0  -123.0 -2000.0
-1425.0  -123.0 -2000.0
-1451.0  -113.0 -2000.0
-1347.0  -113.0 -2000.0
-1347.0  -108.0 -2000.0
-1451.0  -108.0 -2000.0
-1451.0  -102.0 -2000.0
-1347.0  -102.0 -2000.0
-1347.0   -97.0 -2000.0
-1451.0   -97.0 -2000.0
-1451.0   -19.0 -2000.0
-1347.0   -19.0 -2000.0
-1347.0   -24.0 -2000.0
-1451.0   -24.0 -2000.0
-1451.0   -29.0 -2000.0
-1347.0   -29.0 -2000.0
-1347.0   -34.0 -2000.0
-1451.0   -34.0 -2000.0
-1412.0    -8.0 -2000.0
-1386.0    -8.0 -2000.0
-1386.0    -3.0 -2000.0
-1412.0    -3.0 -2000.0
-1412.0     2.0 -2000.0
-1386.0     2.0 -2000.0
-1386.0     7.0 -2000.0
-1412.0     7.0 -2000.0
-1412.0    13.0 -2000.0
-1386.0    13.0 -2000.0
-1386.0    18.0 -2000.0
-1412.0    18.0 -2000.0
-1412.0    23.0 -2000.0
-1386.0    23.0 -2000.0
-1386.0    28.0 -2000.0
-1412.0    28.0 -2000.0
-1412.0    33.0 -2000.0
-1386.0    33.0 -2000.0
-1347.0    44.0 -2000.0
-1451.0    44.0 -2000.0
-1451.0    49.0 -2000.0
-1347.0    49.0 -2000.0
-1347.0    54.0 -2000.0
-1451.0    54.0 -2000.0
-1451.0    60.0 -2000.0
-1347.0    60.0 -2000.0
-1347.0   -92.0 -2000.0
-1451.0   -92.0 -2000.0
-1451.0  -197.0 -2000.0
-1347.0  -197.0 -2000.0
-1347.0  -170.0 -2000.0
-1425.0  -170.0 -2000.0
-1425.0  -118.0 -2000.0
-1347.0  -118.0 -2000.0
-1347.0   -92.0 -2000.0
-1451.0    65.0 -2000.0
-1347.0    65.0 -2000.0
-1347.0    39.0 -2000.0
-1386.0    39.0 -2000.0
-1386.0   -14.0 -2000.0
-1347.0   -14.0 -2000.0
-1347.0   -40.0 -2000.0
-1451.0   -40.0 -2000.0
-1451.0   -14.0 -2000.0
-1412.0   -14.0 -2000.0
-1412.0    39.0 -2000.0
-1451.0    39.0 -2000.0
-1451.0    65.0 -2000.0
-1190.0 -1268.0 -1059.0
-1216.0 -1268.0 -1059.0
-1216.0 -1295.0 -1059.0
-1242.0 -1255.0 -1059.0
-1216.0 -1216.0 -1059.0
-1216.0 -1242.0 -1059.0
-1190.0 -1242.0 -1059.0
-1190.0 -1268.0 -1059.0
 -432.0    13.0 -1033.0
 -432.0    13.0 -1007.0
 -432.0 -1295.0 -1033.0
 -432.0 -1295.0 -1007.0
 -955.0 -1295.0 -1033.0
 -955.0 -1295.0 -1007.0
-1321.0 -1164.0 -1059.0
-1321.0 -1164.0 -1007.0
-1321.0 -1399.0 -1059.0
-1321.0 -1399.0 -1007.0
-1190.0 -1399.0 -1007.0
-1190.0 -1399.0 -1059.0
-1321.0 -1399.0 -1059.0
-1321.0 -1164.0 -1059.0
-1190.0 -1164.0 -1059.0
-1190.0 -1164.0 -1007.0
-1948.0  -510.0 -1007.0
-1190.0  -510.0 -1007.0
-1190.0 -1164.0 -1007.0
-1321.0 -1164.0 -1007.0
-1321.0 -1399.0 -1007.0
-1190.0 -1399.0 -1007.0
-1190.0 -1948.0 -1007.0
-1164.0 -1948.0 -1007.0
-1164.0  -484.0 -1007.0
-1948.0  -484.0 -1007.0
 -902.0   -40.0 -1033.0
 -484.0   -40.0 -1033.0
 -484.0 -1242.0 -1033.0
 -902.0 -1242.0 -1033.0
 -902.0   -40.0 -1033.0
 -955.0    13.0 -1033.0
 -432.0    13.0 -1033.0
 -432.0 -1295.0 -1033.0
 -955.0 -1295.0 -1033.0
 -955.0    13.0 -1033.0
 -955.0    13.0 -1007.0
 -432.0    13.0 -1007.0
 -432.0 -1295.0 -1007.0
 -955.0 -1295.0 -1007.0
 -955.0    13.0 -1007.0
 1084.0   549.0 -1360.0
 1124.0   549.0 -1360.0
 1124.0   549.0 -1386.0
 1084.0   549.0 -1386.0
 1084.0   549.0 -1360.0
  666.0   549.0 -1360.0
  718.0   549.0 -1373.0
  666.0   549.0 -1386.0
  666.0   549.0 -1360.0
  614.0   549.0 -1360.0
  666.0   549.0 -1373.0
  614.0   549.0 -1386.0
  614.0   549.0 -1360.0
  248.0   549.0 -1373.0
  300.0   549.0 -1386.0
  300.0   549.0 -1360.0
  248.0   549.0 -1373.0
  196.0   549.0 -1373.0
  248.0   549.0 -1386.0
  248.0   549.0 -1360.0
  196.0   549.0 -1373.0
 1947.0 -1909.0 -1007.0
 1947.0 -1948.0 -1138.0
 2000.0 -2000.0 -1190.0
-1948.0 -1909.0 -1007.0
 1947.0 -1948.0 -1007.0
 1947.0   248.0 -1007.0
-1948.0 -1948.0 -1138.0
 1947.0 -1948.0 -1138.0
 1947.0   287.0 -1138.0
-1216.0    65.0 -1007.0
-1216.0   287.0 -1007.0
-1216.0    65.0 -1138.0
-1216.0    65.0 -1007.0
 -772.0    65.0 -1007.0
 -772.0   287.0 -1138.0
 -772.0    65.0 -1138.0
-1216.0    65.0 -1138.0
-1216.0   287.0 -1138.0
 -772.0   287.0 -1138.0
 -772.0   248.0 -1007.0
 -772.0    65.0 -1007.0
 -772.0    65.0 -1138.0
 -772.0   287.0 -1138.0
-1504.0   287.0 -1007.0
-1295.0   287.0 -1007.0
-1948.0   287.0 -1007.0
-1543.0   287.0 -1007.0
-1948.0   326.0 -1138.0
-1543.0   326.0 -1138.0
-1543.0   287.0 -1007.0
-1517.0   352.0 -1007.0
-1543.0   352.0 -1190.0
-1543.0   326.0 -1138.0
-1543.0   287.0 -1007.0
-1543.0   352.0 -1007.0
-1504.0   352.0 -1007.0
-1543.0   352.0 -1007.0
-1543.0   352.0 -1190.0
-1504.0   352.0 -1190.0
-1504.0   352.0 -1007.0
-1504.0   287.0 -1007.0
-1504.0   287.0 -1138.0
-1295.0   287.0 -1138.0
-1216.0   287.0 -1138.0
-1216.0   287.0 -1007.0
-1295.0   313.0 -1046.0
-1295.0   287.0 -1138.0
-1216.0   287.0 -1138.0
-1216.0   313.0 -1046.0
-1295.0   287.0 -1007.0
-1295.0   287.0 -1138.0
-1295.0   313.0 -1046.0
-1295.0   339.0 -1033.0
-1295.0   313.0 -1046.0
-1216.0   313.0 -1046.0
-1216.0   339.0 -1033.0
-1216.0   287.0 -1007.0
-1295.0   287.0 -1007.0
-1295.0   339.0 -1033.0
-1216.0   339.0 -1033.0
-1216.0   287.0 -1007.0
-2026.0  -484.0 -1373.0
-2026.0  -353.0 -1373.0
-2000.0  -484.0 -1373.0
-2000.0  -353.0 -1373.0
-2000.0 -1190.0 -1373.0
-2000.0  -536.0 -1373.0
-2026.0  -536.0 -1373.0
-2026.0 -1190.0 -1373.0
-2026.0  -536.0 -1190.0
-2026.0  -536.0 -1373.0
-2000.0  -536.0 -1373.0
-2000.0  -536.0 -1190.0
-2000.0 -1190.0 -1190.0
-2000.0  -536.0 -1190.0
-2026.0  -536.0 -1190.0
-2026.0 -1190.0 -1190.0
-2026.0 -1190.0 -1373.0
-2000.0 -1190.0 -1373.0
-2000.0 -1190.0 -1190.0
-2026.0 -1190.0 -1190.0
-2026.0  -484.0 -1190.0
-2026.0  -484.0 -1373.0
-2000.0  -484.0 -1373.0
-2000.0  -484.0 -1190.0
-2026.0  -484.0 -1190.0
-2026.0  -353.0 -1190.0
-2000.0  -353.0 -1373.0
-2000.0  -484.0 -1373.0
-2000.0  -484.0 -1190.0
-2000.0  -353.0 -1190.0
-2026.0  -353.0 -1190.0
-2026.0  -353.0 -1373.0
-2000.0  -353.0 -1373.0
 1947.0   287.0 -1138.0
 1947.0   248.0 -1007.0
 -772.0   248.0 -1007.0
 -772.0   287.0 -1138.0
-1216.0   287.0 -1138.0
 1947.0   287.0 -1138.0
 2000.0   379.0 -1190.0
-1948.0   326.0 -1138.0
-1948.0   287.0 -1007.0
-1948.0 -1909.0 -1007.0
-1948.0 -1948.0 -1138.0
-2000.0   379.0 -1190.0
-1948.0   326.0 -1138.0
-1948.0 -1948.0 -1138.0
-2000.0 -2000.0 -1190.0
-2000.0   379.0 -1190.0
 2000.0   379.0 -1190.0
-2000.0 -2000.0 -1190.0
-2000.0 -2000.0 -1373.0
-2000.0   379.0 -1190.0
-2000.0   379.0 -1373.0
-1974.0 -1974.0 -1425.0
-2026.0 -2026.0 -1386.0
-2026.0   405.0 -1386.0
-2000.0   379.0 -1373.0
-2000.0 -2000.0 -1373.0
-2026.0 -2026.0 -1386.0
-2026.0   405.0 -1386.0
-2026.0   405.0 -1425.0
-2000.0   379.0 -1425.0
-1974.0   405.0 -1425.0
-2026.0 -2026.0 -1425.0
-2000.0 -2000.0 -1425.0
-2000.0 -2000.0 -1451.0
-2000.0 -2000.0 -1425.0
-2000.0   379.0 -1425.0
-2000.0   379.0 -1451.0
-2026.0   405.0 -1451.0
-2000.0   379.0 -1451.0
-2000.0 -2000.0 -1451.0
-1974.0 -1974.0 -1451.0
-1974.0 -1974.0 -1791.0
-2026.0 -2026.0 -1451.0
-2026.0   405.0 -1451.0
-1974.0   405.0 -1791.0
-1974.0 -1974.0 -1817.0
-2026.0 -2026.0 -1870.0
-2000.0 -2000.0 -1817.0
-2000.0 -2000.0 -1791.0
-2000.0   379.0 -1791.0
-1974.0   405.0 -1791.0
-2026.0 -2026.0 -1791.0
-2000.0 -2000.0 -1791.0
-2000.0   379.0 -1791.0
-2000.0   379.0 -1817.0
-2026.0   405.0 -1817.0
-2000.0   379.0 -1817.0
-2000.0 -2000.0 -1817.0
-2026.0 -2026.0 -1817.0
-2026.0   405.0 -1817.0
-2026.0   405.0 -1870.0
-2000.0 -2000.0 -2000.0
-2000.0 -2000.0 -1896.0
-2000.0   379.0 -1896.0
-1974.0   405.0 -1870.0
-2026.0 -2026.0 -1870.0
-2000.0 -2000.0 -1896.0
-2000.0   379.0 -1896.0
  -79.0   405.0 -1556.0
  -79.0   405.0 -1451.0
-2026.0   405.0 -1451.0
-2000.0   379.0 -1451.0
  -79.0   379.0 -1451.0
  -79.0   379.0 -1425.0
  -79.0   405.0 -1425.0
  -79.0   379.0 -1425.0
-2000.0   379.0 -1425.0
-2026.0   405.0 -1425.0
  -79.0   405.0 -1425.0
  -79.0   405.0 -1386.0
  -79.0   379.0 -1373.0
  -79.0   405.0 -1386.0
-2026.0   405.0 -1386.0
-2000.0   379.0 -1373.0
  -79.0   379.0 -1373.0
  -79.0   379.0 -1242.0
 1215.0   379.0 -1242.0
 1215.0   379.0 -1373.0
 1215.0   405.0 -1386.0
 1215.0   379.0 -1373.0
 2000.0   379.0 -1373.0
 2026.0   405.0 -1386.0
 1215.0   405.0 -1425.0
 1215.0   405.0 -1386.0
 2026.0   405.0 -1386.0
 2026.0   405.0 -1425.0
 2000.0   379.0 -1451.0
 2000.0   379.0 -1425.0
 1215.0   379.0 -1451.0
 1215.0   379.0 -1425.0
 1215.0   405.0 -1425.0
 1215.0   379.0 -1425.0
 2000.0   379.0 -1425.0
 2026.0   405.0 -1425.0
 1215.0   405.0 -1425.0
 2026.0   405.0 -1791.0
 2026.0   405.0 -1451.0
 1215.0   405.0 -1451.0
 1215.0   379.0 -1451.0
 2000.0   379.0 -1451.0
 2026.0   405.0 -1451.0
 1215.0   405.0 -1451.0
 1215.0   405.0 -1556.0
 1176.0   444.0 -1582.0
  -40.0   444.0 -1582.0
 1176.0   444.0 -1556.0
  -40.0   444.0 -1556.0
  -79.0   405.0 -1582.0
  -79.0   405.0 -1556.0
  -40.0   444.0 -1556.0
  -40.0   444.0 -1582.0
  -79.0   405.0 -1582.0
 1215.0   405.0 -1582.0
 1215.0   405.0 -1556.0
 1176.0   444.0 -1556.0
 1176.0   444.0 -1582.0
 1215.0   405.0 -1582.0
 1215.0   405.0 -1870.0
 1215.0   379.0 -1896.0
 1215.0   405.0 -1582.0
 1215.0   405.0 -1791.0
 2000.0   379.0 -1817.0
 2000.0   379.0 -1791.0
 1215.0   379.0 -1791.0
 2000.0   379.0 -1791.0
 2026.0   405.0 -1791.0
 1215.0   405.0 -1791.0
 1215.0   379.0 -1791.0
 1215.0   379.0 -1817.0
 1215.0   405.0 -1817.0
 1215.0   379.0 -1817.0
 2000.0   379.0 -1817.0
 2026.0   405.0 -1817.0
 2000.0   379.0 -1190.0
 2000.0   379.0 -1373.0
 2000.0   379.0 -2000.0
 2000.0   379.0 -1896.0
 2026.0   405.0 -1870.0
 2026.0   405.0 -1817.0
 1215.0   405.0 -1817.0
 1215.0   405.0 -1870.0
 2026.0   405.0 -1870.0
 2000.0   379.0 -1896.0
 1215.0   379.0 -1896.0
 1215.0   379.0 -1974.0
  -79.0   379.0 -1974.0
  -79.0   379.0 -1896.0
  -79.0   405.0 -1582.0
  -79.0   405.0 -1791.0
 -589.0   379.0 -1791.0
 -589.0   405.0 -1791.0
  -79.0   379.0 -1791.0
  -79.0   379.0 -1817.0
 -589.0   379.0 -1817.0
 -589.0   405.0 -1817.0
  -79.0   405.0 -1817.0
  -79.0   405.0 -1870.0
 -589.0   405.0 -1870.0
  -79.0   405.0 -1870.0
  -79.0   379.0 -1896.0
 -589.0   379.0 -1896.0
-1112.0   379.0 -1817.0
-1112.0   379.0 -1791.0
-2000.0   379.0 -1817.0
-2026.0   405.0 -1870.0
-2026.0   405.0 -1817.0
-1112.0   405.0 -1870.0
-1112.0   405.0 -1817.0
-1112.0   379.0 -1817.0
-2000.0   379.0 -1817.0
-2026.0   405.0 -1817.0
-1112.0   405.0 -1817.0
-1112.0   405.0 -1791.0
-2026.0   405.0 -1791.0
-2000.0   379.0 -1791.0
-1112.0   379.0 -1791.0
-1112.0   405.0 -1791.0
-1112.0   405.0 -1687.0
 -589.0   405.0 -1687.0
 -589.0   405.0 -1791.0
 -589.0   379.0 -1791.0
 -589.0   379.0 -1817.0
 -589.0   405.0 -1817.0
 -589.0   405.0 -1870.0
 -589.0   379.0 -1896.0
 -589.0   379.0 -1974.0
-1112.0   379.0 -1974.0
-1112.0   379.0 -1896.0
-1112.0   405.0 -1870.0
-2026.0   405.0 -1870.0
-2000.0   379.0 -1896.0
-2000.0   379.0 -2000.0
 1189.0   248.0 -1530.0
 1189.0   248.0 -1295.0
 1189.0   457.0 -1295.0
 1189.0   248.0 -1295.0
  771.0   248.0 -1295.0
 1189.0   457.0 -1308.0
 1189.0   457.0 -1295.0
  771.0   457.0 -1295.0
 1189.0   535.0 -1347.0
 1189.0   457.0 -1308.0
 1150.0   457.0 -1308.0
 1150.0   535.0 -1347.0
 1137.0   431.0 -1308.0
 1150.0   431.0 -1308.0
 1137.0   509.0 -1347.0
 1150.0   509.0 -1347.0
  810.0   431.0 -1308.0
  823.0   431.0 -1308.0
  810.0   509.0 -1347.0
  823.0   535.0 -1347.0
  797.0   509.0 -1347.0
  823.0   431.0 -1308.0
  823.0   457.0 -1308.0
 1137.0   457.0 -1308.0
 1137.0   431.0 -1308.0
 1137.0   509.0 -1347.0
 1137.0   535.0 -1347.0
 1137.0   457.0 -1308.0
  823.0   457.0 -1308.0
  823.0   535.0 -1347.0
  810.0   509.0 -1347.0
  810.0   431.0 -1308.0
  810.0   457.0 -1308.0
  771.0   535.0 -1347.0
  771.0   457.0 -1308.0
  810.0   535.0 -1347.0
  810.0   457.0 -1308.0
  771.0   457.0 -1308.0
  771.0   457.0 -1295.0
  771.0   248.0 -1295.0
  771.0   248.0 -1530.0
 1058.0   535.0 -1347.0
 1058.0   535.0 -1478.0
 1137.0   509.0 -1478.0
 1137.0   535.0 -1478.0
 1137.0   509.0 -1347.0
 1137.0   509.0 -1478.0
  823.0   509.0 -1478.0
  797.0   509.0 -1347.0
  823.0   509.0 -1478.0
  823.0   535.0 -1478.0
 1137.0   535.0 -1478.0
 1137.0   535.0 -1347.0
  823.0   535.0 -1347.0
  823.0   535.0 -1478.0
  810.0   509.0 -1491.0
  810.0   535.0 -1491.0
 1150.0   509.0 -1491.0
 1150.0   535.0 -1491.0
 1150.0   535.0 -1347.0
 1150.0   509.0 -1347.0
 1150.0   509.0 -1491.0
  810.0   509.0 -1491.0
  810.0   509.0 -1347.0
  810.0   535.0 -1347.0
 1189.0   535.0 -1530.0
 1189.0   535.0 -1347.0
 1150.0   535.0 -1347.0
 1150.0   535.0 -1491.0
  810.0   535.0 -1491.0
  810.0   535.0 -1347.0
  771.0   535.0 -1347.0
  771.0   535.0 -1530.0
  771.0   248.0 -1530.0
 1189.0   248.0 -1530.0
 1189.0   535.0 -1530.0
  771.0   535.0 -1530.0
  771.0   248.0 -1530.0
  771.0   248.0 -1530.0
  771.0   248.0 -1295.0
  771.0   457.0 -1295.0
  771.0   248.0 -1295.0
  352.0   248.0 -1295.0
  771.0   457.0 -1308.0
  771.0   457.0 -1295.0
  352.0   457.0 -1295.0
  771.0   535.0 -1347.0
  771.0   457.0 -1308.0
  732.0   457.0 -1308.0
  732.0   535.0 -1347.0
  718.0   431.0 -1308.0
  732.0   431.0 -1308.0
  718.0   509.0 -1347.0
  732.0   509.0 -1347.0
  392.0   431.0 -1308.0
  405.0   431.0 -1308.0
  392.0   509.0 -1347.0
  405.0   535.0 -1347.0
  379.0   509.0 -1347.0
  405.0   431.0 -1308.0
  405.0   457.0 -1308.0
  718.0   457.0 -1308.0
  718.0   431.0 -1308.0
  718.0   509.0 -1347.0
  718.0   535.0 -1347.0
  718.0   457.0 -1308.0
  405.0   457.0 -1308.0
  405.0   535.0 -1347.0
  392.0   509.0 -1347.0
  392.0   431.0 -1308.0
  392.0   457.0 -1308.0
  352.0   535.0 -1347.0
  352.0   457.0 -1308.0
  392.0   535.0 -1347.0
  392.0   457.0 -1308.0
  352.0   457.0 -1308.0
  352.0   457.0 -1295.0
  352.0   248.0 -1295.0
  352.0   248.0 -1530.0
  640.0   535.0 -1347.0
  640.0   535.0 -1478.0
  718.0   509.0 -1478.0
  718.0   535.0 -1478.0
  718.0   509.0 -1347.0
  718.0   509.0 -1478.0
  405.0   509.0 -1478.0
  379.0   509.0 -1347.0
  405.0   509.0 -1478.0
  405.0   535.0 -1478.0
  718.0   535.0 -1478.0
  718.0   535.0 -1347.0
  405.0   535.0 -1347.0
  405.0   535.0 -1478.0
  392.0   509.0 -1491.0
  392.0   535.0 -1491.0
  732.0   509.0 -1491.0
  732.0   535.0 -1491.0
  732.0   535.0 -1347.0
  732.0   509.0 -1347.0
  732.0   509.0 -1491.0
  392.0   509.0 -1491.0
  392.0   509.0 -1347.0
  392.0   535.0 -1347.0
  771.0   535.0 -1530.0
  771.0   535.0 -1347.0
  732.0   535.0 -1347.0
  732.0   535.0 -1491.0
  392.0   535.0 -1491.0
  392.0   535.0 -1347.0
  352.0   535.0 -1347.0
  352.0   535.0 -1530.0
  352.0   248.0 -1530.0
  771.0   248.0 -1530.0
  771.0   535.0 -1530.0
  352.0   535.0 -1530.0
  352.0   248.0 -1530.0
  352.0   248.0 -1530.0
  352.0   248.0 -1295.0
  352.0   457.0 -1295.0
  352.0   248.0 -1295.0
  -66.0   248.0 -1295.0
  352.0   457.0 -1308.0
  352.0   457.0 -1295.0
  -66.0   457.0 -1295.0
  352.0   535.0 -1347.0
  352.0   457.0 -1308.0
  313.0   457.0 -1308.0
  313.0   535.0 -1347.0
  300.0   431.0 -1308.0
  313.0   431.0 -1308.0
  300.0   509.0 -1347.0
  313.0   509.0 -1347.0
  -27.0   431.0 -1308.0
  -14.0   431.0 -1308.0
  -27.0   509.0 -1347.0
  -14.0   535.0 -1347.0
  -40.0   509.0 -1347.0
  -14.0   431.0 -1308.0
  -14.0   457.0 -1308.0
  300.0   457.0 -1308.0
  300.0   431.0 -1308.0
  300.0   509.0 -1347.0
  300.0   535.0 -1347.0
  300.0   457.0 -1308.0
  -14.0   457.0 -1308.0
  -14.0   535.0 -1347.0
  -27.0   509.0 -1347.0
  -27.0   431.0 -1308.0
  -27.0   457.0 -1308.0
  -66.0   535.0 -1347.0
  -66.0   457.0 -1308.0
  -27.0   535.0 -1347.0
  -27.0   457.0 -1308.0
  -66.0   457.0 -1308.0
  -66.0   457.0 -1295.0
  -66.0   248.0 -1295.0
  -66.0   248.0 -1530.0
  222.0   535.0 -1347.0
  222.0   535.0 -1478.0
  300.0   509.0 -1478.0
  300.0   535.0 -1478.0
  300.0   509.0 -1347.0
  300.0   509.0 -1478.0
  -14.0   509.0 -1478.0
  -40.0   509.0 -1347.0
  -14.0   509.0 -1478.0
  -14.0   535.0 -1478.0
  300.0   535.0 -1478.0
  300.0   535.0 -1347.0
  -14.0   535.0 -1347.0
  -14.0   535.0 -1478.0
  -27.0   509.0 -1491.0
  -27.0   535.0 -1491.0
  313.0   509.0 -1491.0
  313.0   535.0 -1491.0
  313.0   535.0 -1347.0
  313.0   509.0 -1347.0
  313.0   509.0 -1491.0
  -27.0   509.0 -1491.0
  -27.0   509.0 -1347.0
  -27.0   535.0 -1347.0
  352.0   535.0 -1530.0
  352.0   535.0 -1347.0
  313.0   535.0 -1347.0
  313.0   535.0 -1491.0
  -27.0   535.0 -1491.0
  -27.0   535.0 -1347.0
  -66.0   535.0 -1347.0
  -66.0   535.0 -1530.0
  -66.0   248.0 -1530.0
  352.0   248.0 -1530.0
  352.0   535.0 -1530.0
  -66.0   535.0 -1530.0
  -66.0   248.0 -1530.0
  -66.0   379.0 -1608.0
 1189.0   379.0 -1608.0
 1189.0   379.0 -1948.0
  -66.0   379.0 -1608.0
  -66.0   379.0 -1948.0
 1124.0   549.0 -1674.0
  849.0   549.0 -1674.0
  849.0   549.0 -1922.0
  849.0   483.0 -1922.0
 1124.0   483.0 -1922.0
 1124.0   549.0 -1922.0
 1124.0   549.0 -1674.0
  810.0   549.0 -1674.0
  810.0   549.0 -1922.0
  810.0   483.0 -1922.0
  679.0   549.0 -1791.0
  732.0   549.0 -1817.0
  732.0   549.0 -1765.0
  679.0   549.0 -1791.0
  640.0   549.0 -1922.0
  640.0   549.0 -1674.0
    0.0   549.0 -1674.0
    0.0   549.0 -1922.0
  771.0   549.0 -1922.0
  -24.0   549.0 -1922.0
  771.0   483.0 -1922.0
  771.0   549.0 -1922.0
  771.0   549.0 -1674.0
    0.0   549.0 -1674.0
    0.0   549.0 -1922.0
    0.0   483.0 -1922.0
  -66.0   379.0 -1608.0
  -66.0   549.0 -1608.0
 1189.0   379.0 -1608.0
 1189.0   549.0 -1608.0
 1189.0   483.0 -1922.0
 1189.0   549.0 -1922.0
 1189.0   549.0 -1608.0
  -66.0   549.0 -1608.0
  -66.0   549.0 -1922.0
  -66.0   483.0 -1922.0
 1189.0   483.0 -1948.0
 1189.0   483.0 -1922.0
  -66.0   483.0 -1922.0
  -66.0   483.0 -1948.0
 1189.0   379.0 -1948.0
 1189.0   483.0 -1948.0
  -66.0   483.0 -1948.0
  -66.0   379.0 -1948.0
 -628.0   379.0 -1791.0
 -628.0   379.0 -1948.0
 -628.0   549.0 -1791.0
 -628.0   379.0 -1791.0
-1085.0   379.0 -1791.0
-1085.0   549.0 -1791.0
-1085.0   379.0 -1791.0
-1085.0   379.0 -1948.0
 -628.0   549.0 -1922.0
 -628.0   549.0 -1791.0
-1085.0   549.0 -1791.0
-1085.0   549.0 -1922.0
-1046.0   549.0 -1922.0
 -654.0   549.0 -1922.0
 -654.0   483.0 -1922.0
 -654.0   549.0 -1922.0
 -654.0   549.0 -1791.0
-1046.0   549.0 -1791.0
-1046.0   549.0 -1922.0
-1046.0   483.0 -1922.0
 -628.0   483.0 -1922.0
 -628.0   549.0 -1922.0
-1085.0   549.0 -1922.0
-1085.0   483.0 -1922.0
 -628.0   379.0 -1948.0
 -628.0   483.0 -1948.0
-1085.0   483.0 -1948.0
 -628.0   483.0 -1948.0
 -628.0   483.0 -1922.0
-1085.0   483.0 -1922.0
-1085.0   483.0 -1948.0
-1085.0   379.0 -1948.0
 -628.0   379.0 -1948.0
-1085.0   379.0 -1948.0
 1738.0  -353.0 -2000.0
 1869.0  -353.0 -2000.0
 1869.0  -275.0 -2000.0
 1738.0  -275.0 -2000.0
 1738.0  -353.0 -2000.0
 1856.0  -340.0 -1896.0
 1856.0  -340.0 -2130.0
 1856.0  -288.0 -1896.0
 1856.0  -288.0 -2130.0
 1764.0  -288.0 -1896.0
 1764.0  -288.0 -2130.0
 1764.0  -340.0 -1896.0
 1856.0  -340.0 -1896.0
 1856.0  -288.0 -1896.0
 1764.0  -288.0 -1896.0
 1764.0  -340.0 -1896.0
 1764.0  -340.0 -2130.0
 1856.0  -340.0 -2130.0
 1856.0  -288.0 -2130.0
 1764.0  -288.0 -2130.0
 1764.0  -340.0 -2130.0
 1790.0 -1347.0 -1948.0
 1751.0 -1347.0 -1948.0
 1790.0 -1399.0 -1948.0
 1751.0 -1399.0 -1948.0
 1790.0 -1778.0 -1948.0
 1856.0 -1778.0 -1948.0
 1856.0  -406.0 -1948.0
 1790.0  -406.0 -1948.0
 1790.0 -1778.0 -1948.0
 1686.0 -1778.0 -1948.0
 1751.0 -1778.0 -1948.0
 1751.0  -406.0 -1948.0
 1686.0  -406.0 -1948.0
 1686.0 -1778.0 -1948.0
 1738.0  -236.0 -1948.0
 1869.0  -236.0 -1948.0
 1869.0    39.0 -1948.0
 1738.0    39.0 -1948.0
 1738.0  -236.0 -1948.0
 1882.0 -1791.0 -1948.0
 1882.0 -1791.0 -2000.0
 1882.0    91.0 -1948.0
 1882.0    91.0 -2000.0
 1660.0    91.0 -1948.0
 1660.0    91.0 -2000.0
 1660.0 -1791.0 -1948.0
 1882.0 -1791.0 -1948.0
 1882.0    91.0 -1948.0
 1660.0    91.0 -1948.0
 1660.0 -1791.0 -1948.0
 1660.0 -1791.0 -2000.0
 1882.0 -1791.0 -2000.0
 1882.0    91.0 -2000.0
 1660.0    91.0 -2000.0
 1660.0 -1791.0 -2000.0
 1006.0 -1556.0 -2026.0
 1006.0 -1556.0 -2052.0
 1006.0  -170.0 -2026.0
 1006.0  -170.0 -2052.0
 -589.0  -170.0 -2026.0
 -589.0  -170.0 -2052.0
 -589.0 -1556.0 -2026.0
 1006.0 -1556.0 -2026.0
 1006.0  -170.0 -2026.0
 -589.0  -170.0 -2026.0
 -589.0 -1556.0 -2026.0
 -589.0 -1556.0 -2052.0
 1006.0 -1556.0 -2052.0
 1006.0  -170.0 -2052.0
 -589.0  -170.0 -2052.0
 -589.0 -1556.0 -2052.0
 -955.0 -1634.0 -2026.0
 1372.0 -1634.0 -2026.0
 1372.0 -1634.0 -2052.0
 1372.0 -1634.0 -2026.0
 1372.0  -105.0 -2026.0
 1372.0  -105.0 -2052.0
 1372.0  -105.0 -2026.0
 -955.0  -105.0 -2026.0
 -955.0  -105.0 -2052.0
 -955.0  -105.0 -2026.0
 -955.0 -1634.0 -2026.0
 -955.0 -1634.0 -2052.0
 1372.0 -1634.0 -2052.0
 1372.0  -105.0 -2052.0
 -955.0  -105.0 -2052.0
 -955.0 -1634.0 -2052.0
 1607.0 -1791.0 -1948.0
 1607.0 -1791.0 -2026.0
 1607.0    78.0 -1948.0
 1607.0    78.0 -2026.0
-1177.0    78.0 -1948.0
-1177.0    78.0 -2026.0
-1177.0 -1791.0 -2026.0
-1177.0 -1791.0 -1948.0
 1607.0 -1791.0 -1948.0
 1607.0    78.0 -1948.0
-1177.0    78.0 -1948.0
-1177.0 -1791.0 -1948.0
-1177.0 -1791.0 -2026.0
 1607.0 -1791.0 -2026.0
 1607.0    78.0 -2026.0
-1177.0    78.0 -2026.0
-1177.0 -1791.0 -2026.0
 1647.0   352.0 -1974.0
 1647.0   379.0 -2000.0
 1607.0   352.0 -1974.0
 1607.0   379.0 -2000.0
 1647.0   130.0 -1948.0
 1647.0   156.0 -1974.0
 1607.0   130.0 -1948.0
 1607.0   156.0 -1974.0
 1647.0   169.0 -1974.0
 1647.0   156.0 -1974.0
 1607.0   156.0 -1974.0
 1607.0   169.0 -1974.0
 1647.0   169.0 -1974.0
 1647.0   352.0 -1974.0
 1607.0   352.0 -1974.0
 1607.0   169.0 -1974.0
-1072.0   379.0 -2000.0
-1072.0   352.0 -1948.0
-1112.0   379.0 -2000.0
-1112.0   352.0 -1974.0
-1072.0   130.0 -1948.0
-1072.0   156.0 -1974.0
-1112.0   130.0 -1948.0
-1112.0   156.0 -1974.0
-1072.0   169.0 -1974.0
-1072.0   156.0 -1974.0
-1112.0   156.0 -1974.0
-1112.0   169.0 -1974.0
-1072.0   169.0 -1974.0
-1072.0   352.0 -1974.0
-1112.0   352.0 -1974.0
-1112.0   169.0 -1974.0
-1229.0 -1844.0 -1948.0
 1921.0 -1844.0 -1948.0
 1921.0   130.0 -1948.0
 1647.0   130.0 -1948.0
 1647.0   143.0 -2000.0
 1647.0   130.0 -1948.0
 1607.0   143.0 -2000.0
 1607.0   130.0 -1948.0
-1072.0   130.0 -1948.0
-1072.0   143.0 -2000.0
-1072.0   130.0 -1948.0
-1112.0   143.0 -2000.0
-1100.0   130.0 -1948.0
-1229.0   130.0 -1948.0
-1229.0 -1844.0 -1948.0
-1242.0 -1857.0 -2000.0
 1934.0 -1857.0 -2000.0
 1934.0   143.0 -2000.0
 1647.0   143.0 -2000.0
 1647.0   379.0 -2000.0
 1607.0   379.0 -2000.0
 1607.0   143.0 -2000.0
-1072.0   143.0 -2000.0
-1072.0   379.0 -2000.0
-1112.0   379.0 -2000.0
-1112.0   143.0 -2000.0
-1242.0   143.0 -2000.0
-1242.0 -1857.0 -2000.0
  496.0  -406.0 -2026.0
  509.0  -406.0 -2026.0
  509.0  -327.0 -2026.0
  483.0  -327.0 -2026.0
  483.0  -406.0 -2026.0
  496.0  -406.0 -2026.0
  496.0  -471.0 -2026.0
  444.0  -406.0 -2026.0
  444.0  -471.0 -2026.0
  392.0  -406.0 -2026.0
  392.0  -471.0 -2026.0
  339.0  -406.0 -2026.0
  339.0  -471.0 -2026.0
  287.0  -406.0 -2026.0
  287.0  -471.0 -2026.0
  235.0  -406.0 -2026.0
  248.0  -406.0 -2026.0
  248.0  -327.0 -2026.0
  222.0  -327.0 -2026.0
  222.0  -406.0 -2026.0
  235.0  -406.0 -2026.0
  235.0  -471.0 -2026.0
  183.0  -406.0 -2026.0
  183.0  -471.0 -2026.0
  130.0  -406.0 -2026.0
  130.0  -471.0 -2026.0
   78.0  -406.0 -2026.0
   78.0  -471.0 -2026.0
   26.0  -406.0 -2026.0
   26.0  -471.0 -2026.0
  -27.0  -406.0 -2026.0
  -14.0  -406.0 -2026.0
  -14.0  -327.0 -2026.0
  -40.0  -327.0 -2026.0
  -40.0  -406.0 -2026.0
  -27.0  -406.0 -2026.0
  -27.0  -471.0 -2026.0
   91.0  -301.0 -2026.0
  352.0  -301.0 -2026.0
  352.0  -275.0 -2026.0
  222.0  -275.0 -2026.0
  222.0  -223.0 -2026.0
   91.0  -301.0 -2026.0
 -523.0 -1504.0 -2078.0
  954.0 -1504.0 -2078.0
  954.0  -510.0 -2078.0
 -523.0  -510.0 -2078.0
 -523.0 -1504.0 -2078.0
-2000.0 -2000.0 -1190.0
 2000.0 -2000.0 -1190.0
 2000.0   379.0 -1190.0
-2000.0 -2000.0 -2000.0
 2000.0 -2000.0 -2000.0
 2000.0   379.0 -2000.0
-2000.0   379.0 -2000.0
-2000.0 -2000.0 -2000.0
Mean X-Coordinate =   885.9
Mean Y-Coordinate =   440.0
Mean Z-Coordinate = -1343.6
